# JRE version: Java(TM) SE Runtime Environment (8.0_45-b14) (build 1.8.0_45-b14)
# Java VM: Java HotSpot(TM) 64-Bit Server VM (25.45-b02 mixed mode bsd-amd64 compressed oops)
Heap:
 PSYoungGen      total 104448K, used 76981K [0x0000000795580000, 0x000000079c900000, 0x00000007c0000000)
  eden space 93696K, 70% used [0x0000000795580000,0x00000007996314b0,0x000000079b100000)
  from space 10752K, 99% used [0x000000079be80000,0x000000079c8fc0e0,0x000000079c900000)
  to   space 10752K, 0% used [0x000000079b400000,0x000000079b400000,0x000000079be80000)
 ParOldGen       total 125952K, used 21309K [0x0000000740000000, 0x0000000747b00000, 0x0000000795580000)
  object space 125952K, 16% used [0x0000000740000000,0x00000007414cf408,0x0000000747b00000)
 Metaspace       used 32438K, capacity 32893K, committed 33280K, reserved 1079296K
  class space    used 3901K, capacity 4039K, committed 4096K, reserved 1048576K
GC Heap History (10 events):
Event: 2.399 GC heap before
{Heap before GC invocations=1 (full 0):
 PSYoungGen      total 76288K, used 44572K [0x0000000795580000, 0x000000079aa80000, 0x00000007c0000000)
  eden space 65536K, 68% used [0x0000000795580000,0x00000007981071c0,0x0000000799580000)
  from space 10752K, 0% used [0x000000079a000000,0x000000079a000000,0x000000079aa80000)
  to   space 10752K, 0% used [0x0000000799580000,0x0000000799580000,0x000000079a000000)
 ParOldGen       total 175104K, used 0K [0x0000000740000000, 0x000000074ab00000, 0x0000000795580000)
  object space 175104K, 0% used [0x0000000740000000,0x0000000740000000,0x000000074ab00000)
 Metaspace       used 20770K, capacity 21029K, committed 21296K, reserved 1069056K
  class space    used 2308K, capacity 2401K, committed 2432K, reserved 1048576K
Event: 2.405 GC heap after
Heap after GC invocations=1 (full 0):
 PSYoungGen      total 76288K, used 8840K [0x0000000795580000, 0x000000079aa80000, 0x00000007c0000000)
  eden space 65536K, 0% used [0x0000000795580000,0x0000000795580000,0x0000000799580000)
  from space 10752K, 82% used [0x0000000799580000,0x0000000799e22260,0x000000079a000000)
  to   space 10752K, 0% used [0x000000079a000000,0x000000079a000000,0x000000079aa80000)
 ParOldGen       total 175104K, used 16K [0x0000000740000000, 0x000000074ab00000, 0x0000000795580000)
  object space 175104K, 0% used [0x0000000740000000,0x0000000740004000,0x000000074ab00000)
 Metaspace       used 20770K, capacity 21029K, committed 21296K, reserved 1069056K
  class space    used 2308K, capacity 2401K, committed 2432K, reserved 1048576K
}
Event: 2.405 GC heap before
{Heap before GC invocations=2 (full 1):
 PSYoungGen      total 76288K, used 8840K [0x0000000795580000, 0x000000079aa80000, 0x00000007c0000000)
  eden space 65536K, 0% used [0x0000000795580000,0x0000000795580000,0x0000000799580000)
  from space 10752K, 82% used [0x0000000799580000,0x0000000799e22260,0x000000079a000000)
  to   space 10752K, 0% used [0x000000079a000000,0x000000079a000000,0x000000079aa80000)
 ParOldGen       total 175104K, used 16K [0x0000000740000000, 0x000000074ab00000, 0x0000000795580000)
  object space 175104K, 0% used [0x0000000740000000,0x0000000740004000,0x000000074ab00000)
 Metaspace       used 20770K, capacity 21029K, committed 21296K, reserved 1069056K
  class space    used 2308K, capacity 2401K, committed 2432K, reserved 1048576K
Event: 2.427 GC heap after
Heap after GC invocations=2 (full 1):
 PSYoungGen      total 76288K, used 0K [0x0000000795580000, 0x000000079aa80000, 0x00000007c0000000)
  eden space 65536K, 0% used [0x0000000795580000,0x0000000795580000,0x0000000799580000)
  from space 10752K, 0% used [0x0000000799580000,0x0000000799580000,0x000000079a000000)
  to   space 10752K, 0% used [0x000000079a000000,0x000000079a000000,0x000000079aa80000)
 ParOldGen       total 125952K, used 8246K [0x0000000740000000, 0x0000000747b00000, 0x0000000795580000)
  object space 125952K, 6% used [0x0000000740000000,0x000000074080db50,0x0000000747b00000)
 Metaspace       used 20770K, capacity 21029K, committed 21296K, reserved 1069056K
  class space    used 2308K, capacity 2401K, committed 2432K, reserved 1048576K
}
Event: 3.517 GC heap before
{Heap before GC invocations=3 (full 1):
 PSYoungGen      total 76288K, used 65536K [0x0000000795580000, 0x000000079aa80000, 0x00000007c0000000)
  eden space 65536K, 100% used [0x0000000795580000,0x0000000799580000,0x0000000799580000)
  from space 10752K, 0% used [0x0000000799580000,0x0000000799580000,0x000000079a000000)
  to   space 10752K, 0% used [0x000000079a000000,0x000000079a000000,0x000000079aa80000)
 ParOldGen       total 125952K, used 8246K [0x0000000740000000, 0x0000000747b00000, 0x0000000795580000)
  object space 125952K, 6% used [0x0000000740000000,0x000000074080db50,0x0000000747b00000)
 Metaspace       used 30409K, capacity 30845K, committed 31360K, reserved 1077248K
  class space    used 3691K, capacity 3847K, committed 3968K, reserved 1048576K
Event: 3.524 GC heap after
Heap after GC invocations=3 (full 1):
 PSYoungGen      total 76288K, used 10748K [0x0000000795580000, 0x000000079bf00000, 0x00000007c0000000)
  eden space 65536K, 0% used [0x0000000795580000,0x0000000795580000,0x0000000799580000)
  from space 10752K, 99% used [0x000000079a000000,0x000000079aa7f120,0x000000079aa80000)
  to   space 10752K, 0% used [0x0000000799580000,0x0000000799580000,0x000000079a000000)
 ParOldGen       total 125952K, used 12104K [0x0000000740000000, 0x0000000747b00000, 0x0000000795580000)
  object space 125952K, 9% used [0x0000000740000000,0x0000000740bd23f8,0x0000000747b00000)
 Metaspace       used 30409K, capacity 30845K, committed 31360K, reserved 1077248K
  class space    used 3691K, capacity 3847K, committed 3968K, reserved 1048576K
}
Event: 3.750 GC heap before
{Heap before GC invocations=4 (full 1):
 PSYoungGen      total 76288K, used 76284K [0x0000000795580000, 0x000000079bf00000, 0x00000007c0000000)
  eden space 65536K, 100% used [0x0000000795580000,0x0000000799580000,0x0000000799580000)
  from space 10752K, 99% used [0x000000079a000000,0x000000079aa7f120,0x000000079aa80000)
  to   space 10752K, 0% used [0x0000000799580000,0x0000000799580000,0x000000079a000000)
 ParOldGen       total 125952K, used 12104K [0x0000000740000000, 0x0000000747b00000, 0x0000000795580000)
  object space 125952K, 9% used [0x0000000740000000,0x0000000740bd23f8,0x0000000747b00000)
 Metaspace       used 30990K, capacity 31421K, committed 31872K, reserved 1077248K
  class space    used 3753K, capacity 3911K, committed 3968K, reserved 1048576K
Event: 3.753 GC heap after
Heap after GC invocations=4 (full 1):
 PSYoungGen      total 76288K, used 10743K [0x0000000795580000, 0x000000079c900000, 0x00000007c0000000)
  eden space 65536K, 0% used [0x0000000795580000,0x0000000795580000,0x0000000799580000)
  from space 10752K, 99% used [0x0000000799580000,0x0000000799ffdf30,0x000000079a000000)
  to   space 10752K, 0% used [0x000000079be80000,0x000000079be80000,0x000000079c900000)
 ParOldGen       total 125952K, used 14285K [0x0000000740000000, 0x0000000747b00000, 0x0000000795580000)
  object space 125952K, 11% used [0x0000000740000000,0x0000000740df34d8,0x0000000747b00000)
 Metaspace       used 30990K, capacity 31421K, committed 31872K, reserved 1077248K
  class space    used 3753K, capacity 3911K, committed 3968K, reserved 1048576K
}
Event: 7.226 GC heap before
{Heap before GC invocations=5 (full 1):
 PSYoungGen      total 76288K, used 75455K [0x0000000795580000, 0x000000079c900000, 0x00000007c0000000)
  eden space 65536K, 98% used [0x0000000795580000,0x00000007994b1d50,0x0000000799580000)
  from space 10752K, 99% used [0x0000000799580000,0x0000000799ffdf30,0x000000079a000000)
  to   space 10752K, 0% used [0x000000079be80000,0x000000079be80000,0x000000079c900000)
 ParOldGen       total 125952K, used 14285K [0x0000000740000000, 0x0000000747b00000, 0x0000000795580000)
  object space 125952K, 11% used [0x0000000740000000,0x0000000740df34d8,0x0000000747b00000)
 Metaspace       used 32391K, capacity 32861K, committed 33280K, reserved 1079296K
  class space    used 3894K, capacity 4007K, committed 4096K, reserved 1048576K
Event: 7.235 GC heap after
Heap after GC invocations=5 (full 1):
 PSYoungGen      total 104448K, used 10736K [0x0000000795580000, 0x000000079c900000, 0x00000007c0000000)
  eden space 93696K, 0% used [0x0000000795580000,0x0000000795580000,0x000000079b100000)
  from space 10752K, 99% used [0x000000079be80000,0x000000079c8fc0e0,0x000000079c900000)
  to   space 10752K, 0% used [0x000000079b400000,0x000000079b400000,0x000000079be80000)
 ParOldGen       total 125952K, used 21309K [0x0000000740000000, 0x0000000747b00000, 0x0000000795580000)
  object space 125952K, 16% used [0x0000000740000000,0x00000007414cf408,0x0000000747b00000)
 Metaspace       used 32391K, capacity 32861K, committed 33280K, reserved 1079296K
  class space    used 3894K, capacity 4007K, committed 4096K, reserved 1048576K
}

