# JRE version: Java(TM) SE Runtime Environment (8.0_45-b14) (build 1.8.0_45-b14)
# Java VM: Java HotSpot(TM) 64-Bit Server VM (25.45-b02 mixed mode bsd-amd64 compressed oops)
Heap:
 PSYoungGen      total 94208K, used 9820K [0x0000000795580000, 0x000000079b800000, 0x00000007c0000000)
  eden space 92160K, 8% used [0x0000000795580000,0x0000000795d7e500,0x000000079af80000)
  from space 2048K, 79% used [0x000000079b300000,0x000000079b498b78,0x000000079b500000)
  to   space 3072K, 0% used [0x000000079b500000,0x000000079b500000,0x000000079b800000)
 ParOldGen       total 196096K, used 22212K [0x0000000740000000, 0x000000074bf80000, 0x0000000795580000)
  object space 196096K, 11% used [0x0000000740000000,0x00000007415b13d8,0x000000074bf80000)
 Metaspace       used 34883K, capacity 35293K, committed 35672K, reserved 1081344K
  class space    used 4017K, capacity 4145K, committed 4224K, reserved 1048576K
GC Heap History (10 events):
Event: 58.098 GC heap before
{Heap before GC invocations=55 (full 2):
 PSYoungGen      total 101376K, used 99850K [0x0000000795580000, 0x000000079be80000, 0x00000007c0000000)
  eden space 99840K, 98% used [0x0000000795580000,0x000000079b5ea918,0x000000079b700000)
  from space 1536K, 72% used [0x000000079bd00000,0x000000079be18000,0x000000079be80000)
  to   space 3584K, 0% used [0x000000079b780000,0x000000079b780000,0x000000079bb00000)
 ParOldGen       total 196096K, used 22124K [0x0000000740000000, 0x000000074bf80000, 0x0000000795580000)
  object space 196096K, 11% used [0x0000000740000000,0x000000074159b3d8,0x000000074bf80000)
 Metaspace       used 34821K, capacity 35293K, committed 35672K, reserved 1081344K
  class space    used 4012K, capacity 4145K, committed 4224K, reserved 1048576K
Event: 58.100 GC heap after
Heap after GC invocations=55 (full 2):
 PSYoungGen      total 99840K, used 1120K [0x0000000795580000, 0x000000079bd80000, 0x00000007c0000000)
  eden space 98304K, 0% used [0x0000000795580000,0x0000000795580000,0x000000079b580000)
  from space 1536K, 72% used [0x000000079b780000,0x000000079b898000,0x000000079b900000)
  to   space 3584K, 0% used [0x000000079ba00000,0x000000079ba00000,0x000000079bd80000)
 ParOldGen       total 196096K, used 22164K [0x0000000740000000, 0x000000074bf80000, 0x0000000795580000)
  object space 196096K, 11% used [0x0000000740000000,0x00000007415a53d8,0x000000074bf80000)
 Metaspace       used 34821K, capacity 35293K, committed 35672K, reserved 1081344K
  class space    used 4012K, capacity 4145K, committed 4224K, reserved 1048576K
}
Event: 58.730 GC heap before
{Heap before GC invocations=56 (full 2):
 PSYoungGen      total 99840K, used 99423K [0x0000000795580000, 0x000000079bd80000, 0x00000007c0000000)
  eden space 98304K, 99% used [0x0000000795580000,0x000000079b57feb0,0x000000079b580000)
  from space 1536K, 72% used [0x000000079b780000,0x000000079b898000,0x000000079b900000)
  to   space 3584K, 0% used [0x000000079ba00000,0x000000079ba00000,0x000000079bd80000)
 ParOldGen       total 196096K, used 22164K [0x0000000740000000, 0x000000074bf80000, 0x0000000795580000)
  object space 196096K, 11% used [0x0000000740000000,0x00000007415a53d8,0x000000074bf80000)
 Metaspace       used 34821K, capacity 35293K, committed 35672K, reserved 1081344K
  class space    used 4012K, capacity 4145K, committed 4224K, reserved 1048576K
Event: 58.732 GC heap after
Heap after GC invocations=56 (full 2):
 PSYoungGen      total 98304K, used 1232K [0x0000000795580000, 0x000000079bb80000, 0x00000007c0000000)
  eden space 96768K, 0% used [0x0000000795580000,0x0000000795580000,0x000000079b400000)
  from space 1536K, 80% used [0x000000079ba00000,0x000000079bb34010,0x000000079bb80000)
  to   space 3584K, 0% used [0x000000079b480000,0x000000079b480000,0x000000079b800000)
 ParOldGen       total 196096K, used 22164K [0x0000000740000000, 0x000000074bf80000, 0x0000000795580000)
  object space 196096K, 11% used [0x0000000740000000,0x00000007415a53d8,0x000000074bf80000)
 Metaspace       used 34821K, capacity 35293K, committed 35672K, reserved 1081344K
  class space    used 4012K, capacity 4145K, committed 4224K, reserved 1048576K
}
Event: 59.315 GC heap before
{Heap before GC invocations=57 (full 2):
 PSYoungGen      total 98304K, used 98000K [0x0000000795580000, 0x000000079bb80000, 0x00000007c0000000)
  eden space 96768K, 100% used [0x0000000795580000,0x000000079b400000,0x000000079b400000)
  from space 1536K, 80% used [0x000000079ba00000,0x000000079bb34010,0x000000079bb80000)
  to   space 3584K, 0% used [0x000000079b480000,0x000000079b480000,0x000000079b800000)
 ParOldGen       total 196096K, used 22164K [0x0000000740000000, 0x000000074bf80000, 0x0000000795580000)
  object space 196096K, 11% used [0x0000000740000000,0x00000007415a53d8,0x000000074bf80000)
 Metaspace       used 34821K, capacity 35293K, committed 35672K, reserved 1081344K
  class space    used 4012K, capacity 4145K, committed 4224K, reserved 1048576K
Event: 59.316 GC heap after
Heap after GC invocations=57 (full 2):
 PSYoungGen      total 96768K, used 1152K [0x0000000795580000, 0x000000079ba80000, 0x00000007c0000000)
  eden space 95232K, 0% used [0x0000000795580000,0x0000000795580000,0x000000079b280000)
  from space 1536K, 75% used [0x000000079b480000,0x000000079b5a0000,0x000000079b600000)
  to   space 3072K, 0% used [0x000000079b780000,0x000000079b780000,0x000000079ba80000)
 ParOldGen       total 196096K, used 22172K [0x0000000740000000, 0x000000074bf80000, 0x0000000795580000)
  object space 196096K, 11% used [0x0000000740000000,0x00000007415a73d8,0x000000074bf80000)
 Metaspace       used 34821K, capacity 35293K, committed 35672K, reserved 1081344K
  class space    used 4012K, capacity 4145K, committed 4224K, reserved 1048576K
}
Event: 60.307 GC heap before
{Heap before GC invocations=58 (full 2):
 PSYoungGen      total 96768K, used 96384K [0x0000000795580000, 0x000000079ba80000, 0x00000007c0000000)
  eden space 95232K, 100% used [0x0000000795580000,0x000000079b280000,0x000000079b280000)
  from space 1536K, 75% used [0x000000079b480000,0x000000079b5a0000,0x000000079b600000)
  to   space 3072K, 0% used [0x000000079b780000,0x000000079b780000,0x000000079ba80000)
 ParOldGen       total 196096K, used 22172K [0x0000000740000000, 0x000000074bf80000, 0x0000000795580000)
  object space 196096K, 11% used [0x0000000740000000,0x00000007415a73d8,0x000000074bf80000)
 Metaspace       used 34823K, capacity 35293K, committed 35672K, reserved 1081344K
  class space    used 4012K, capacity 4145K, committed 4224K, reserved 1048576K
Event: 60.309 GC heap after
Heap after GC invocations=58 (full 2):
 PSYoungGen      total 95232K, used 1120K [0x0000000795580000, 0x000000079b900000, 0x00000007c0000000)
  eden space 93696K, 0% used [0x0000000795580000,0x0000000795580000,0x000000079b100000)
  from space 1536K, 72% used [0x000000079b780000,0x000000079b898000,0x000000079b900000)
  to   space 3072K, 0% used [0x000000079b300000,0x000000079b300000,0x000000079b600000)
 ParOldGen       total 196096K, used 22180K [0x0000000740000000, 0x000000074bf80000, 0x0000000795580000)
  object space 196096K, 11% used [0x0000000740000000,0x00000007415a93d8,0x000000074bf80000)
 Metaspace       used 34823K, capacity 35293K, committed 35672K, reserved 1081344K
  class space    used 4012K, capacity 4145K, committed 4224K, reserved 1048576K
}
Event: 64.030 GC heap before
{Heap before GC invocations=59 (full 2):
 PSYoungGen      total 95232K, used 94145K [0x0000000795580000, 0x000000079b900000, 0x00000007c0000000)
  eden space 93696K, 99% used [0x0000000795580000,0x000000079b058560,0x000000079b100000)
  from space 1536K, 72% used [0x000000079b780000,0x000000079b898000,0x000000079b900000)
  to   space 3072K, 0% used [0x000000079b300000,0x000000079b300000,0x000000079b600000)
 ParOldGen       total 196096K, used 22180K [0x0000000740000000, 0x000000074bf80000, 0x0000000795580000)
  object space 196096K, 11% used [0x0000000740000000,0x00000007415a93d8,0x000000074bf80000)
 Metaspace       used 34861K, capacity 35293K, committed 35672K, reserved 1081344K
  class space    used 4017K, capacity 4145K, committed 4224K, reserved 1048576K
Event: 64.032 GC heap after
Heap after GC invocations=59 (full 2):
 PSYoungGen      total 94208K, used 1634K [0x0000000795580000, 0x000000079b800000, 0x00000007c0000000)
  eden space 92160K, 0% used [0x0000000795580000,0x0000000795580000,0x000000079af80000)
  from space 2048K, 79% used [0x000000079b300000,0x000000079b498b78,0x000000079b500000)
  to   space 3072K, 0% used [0x000000079b500000,0x000000079b500000,0x000000079b800000)
 ParOldGen       total 196096K, used 22212K [0x0000000740000000, 0x000000074bf80000, 0x0000000795580000)
  object space 196096K, 11% used [0x0000000740000000,0x00000007415b13d8,0x000000074bf80000)
 Metaspace       used 34861K, capacity 35293K, committed 35672K, reserved 1081344K
  class space    used 4017K, capacity 4145K, committed 4224K, reserved 1048576K
}

