# JRE version: Java(TM) SE Runtime Environment (8.0_45-b14) (build 1.8.0_45-b14)
# Java VM: Java HotSpot(TM) 64-Bit Server VM (25.45-b02 mixed mode bsd-amd64 compressed oops)
Heap:
 PSYoungGen      total 76288K, used 36544K [0x0000000795580000, 0x000000079aa80000, 0x00000007c0000000)
  eden space 65536K, 39% used [0x0000000795580000,0x0000000796eb2438,0x0000000799580000)
  from space 10752K, 99% used [0x0000000799580000,0x0000000799ffdfc0,0x000000079a000000)
  to   space 10752K, 0% used [0x000000079a000000,0x000000079a000000,0x000000079aa80000)
 ParOldGen       total 74240K, used 14062K [0x0000000740000000, 0x0000000744880000, 0x0000000795580000)
  object space 74240K, 18% used [0x0000000740000000,0x0000000740dbb898,0x0000000744880000)
 Metaspace       used 33282K, capacity 33745K, committed 34176K, reserved 1079296K
  class space    used 4003K, capacity 4145K, committed 4224K, reserved 1048576K
GC Heap History (8 events):
Event: 2.527 GC heap before
{Heap before GC invocations=1 (full 0):
 PSYoungGen      total 76288K, used 43292K [0x0000000795580000, 0x000000079aa80000, 0x00000007c0000000)
  eden space 65536K, 66% used [0x0000000795580000,0x0000000797fc73f8,0x0000000799580000)
  from space 10752K, 0% used [0x000000079a000000,0x000000079a000000,0x000000079aa80000)
  to   space 10752K, 0% used [0x0000000799580000,0x0000000799580000,0x000000079a000000)
 ParOldGen       total 175104K, used 0K [0x0000000740000000, 0x000000074ab00000, 0x0000000795580000)
  object space 175104K, 0% used [0x0000000740000000,0x0000000740000000,0x000000074ab00000)
 Metaspace       used 20694K, capacity 21025K, committed 21296K, reserved 1069056K
  class space    used 2308K, capacity 2401K, committed 2432K, reserved 1048576K
Event: 2.533 GC heap after
Heap after GC invocations=1 (full 0):
 PSYoungGen      total 76288K, used 8838K [0x0000000795580000, 0x000000079aa80000, 0x00000007c0000000)
  eden space 65536K, 0% used [0x0000000795580000,0x0000000795580000,0x0000000799580000)
  from space 10752K, 82% used [0x0000000799580000,0x0000000799e21870,0x000000079a000000)
  to   space 10752K, 0% used [0x000000079a000000,0x000000079a000000,0x000000079aa80000)
 ParOldGen       total 175104K, used 16K [0x0000000740000000, 0x000000074ab00000, 0x0000000795580000)
  object space 175104K, 0% used [0x0000000740000000,0x0000000740004000,0x000000074ab00000)
 Metaspace       used 20694K, capacity 21025K, committed 21296K, reserved 1069056K
  class space    used 2308K, capacity 2401K, committed 2432K, reserved 1048576K
}
Event: 2.533 GC heap before
{Heap before GC invocations=2 (full 1):
 PSYoungGen      total 76288K, used 8838K [0x0000000795580000, 0x000000079aa80000, 0x00000007c0000000)
  eden space 65536K, 0% used [0x0000000795580000,0x0000000795580000,0x0000000799580000)
  from space 10752K, 82% used [0x0000000799580000,0x0000000799e21870,0x000000079a000000)
  to   space 10752K, 0% used [0x000000079a000000,0x000000079a000000,0x000000079aa80000)
 ParOldGen       total 175104K, used 16K [0x0000000740000000, 0x000000074ab00000, 0x0000000795580000)
  object space 175104K, 0% used [0x0000000740000000,0x0000000740004000,0x000000074ab00000)
 Metaspace       used 20694K, capacity 21025K, committed 21296K, reserved 1069056K
  class space    used 2308K, capacity 2401K, committed 2432K, reserved 1048576K
Event: 2.553 GC heap after
Heap after GC invocations=2 (full 1):
 PSYoungGen      total 76288K, used 0K [0x0000000795580000, 0x000000079aa80000, 0x00000007c0000000)
  eden space 65536K, 0% used [0x0000000795580000,0x0000000795580000,0x0000000799580000)
  from space 10752K, 0% used [0x0000000799580000,0x0000000799580000,0x000000079a000000)
  to   space 10752K, 0% used [0x000000079a000000,0x000000079a000000,0x000000079aa80000)
 ParOldGen       total 74240K, used 8356K [0x0000000740000000, 0x0000000744880000, 0x0000000795580000)
  object space 74240K, 11% used [0x0000000740000000,0x0000000740829220,0x0000000744880000)
 Metaspace       used 20694K, capacity 21025K, committed 21296K, reserved 1069056K
  class space    used 2308K, capacity 2401K, committed 2432K, reserved 1048576K
}
Event: 7.058 GC heap before
{Heap before GC invocations=3 (full 1):
 PSYoungGen      total 76288K, used 65536K [0x0000000795580000, 0x000000079aa80000, 0x00000007c0000000)
  eden space 65536K, 100% used [0x0000000795580000,0x0000000799580000,0x0000000799580000)
  from space 10752K, 0% used [0x0000000799580000,0x0000000799580000,0x000000079a000000)
  to   space 10752K, 0% used [0x000000079a000000,0x000000079a000000,0x000000079aa80000)
 ParOldGen       total 74240K, used 8356K [0x0000000740000000, 0x0000000744880000, 0x0000000795580000)
  object space 74240K, 11% used [0x0000000740000000,0x0000000740829220,0x0000000744880000)
 Metaspace       used 32675K, capacity 33061K, committed 33664K, reserved 1079296K
  class space    used 3984K, capacity 4111K, committed 4224K, reserved 1048576K
Event: 7.065 GC heap after
Heap after GC invocations=3 (full 1):
 PSYoungGen      total 76288K, used 10733K [0x0000000795580000, 0x000000079aa80000, 0x00000007c0000000)
  eden space 65536K, 0% used [0x0000000795580000,0x0000000795580000,0x0000000799580000)
  from space 10752K, 99% used [0x000000079a000000,0x000000079aa7b5f0,0x000000079aa80000)
  to   space 10752K, 0% used [0x0000000799580000,0x0000000799580000,0x000000079a000000)
 ParOldGen       total 74240K, used 13770K [0x0000000740000000, 0x0000000744880000, 0x0000000795580000)
  object space 74240K, 18% used [0x0000000740000000,0x0000000740d72878,0x0000000744880000)
 Metaspace       used 32675K, capacity 33061K, committed 33664K, reserved 1079296K
  class space    used 3984K, capacity 4111K, committed 4224K, reserved 1048576K
}
Event: 14.274 GC heap before
{Heap before GC invocations=4 (full 1):
 PSYoungGen      total 76288K, used 76269K [0x0000000795580000, 0x000000079aa80000, 0x00000007c0000000)
  eden space 65536K, 100% used [0x0000000795580000,0x0000000799580000,0x0000000799580000)
  from space 10752K, 99% used [0x000000079a000000,0x000000079aa7b5f0,0x000000079aa80000)
  to   space 10752K, 0% used [0x0000000799580000,0x0000000799580000,0x000000079a000000)
 ParOldGen       total 74240K, used 13770K [0x0000000740000000, 0x0000000744880000, 0x0000000795580000)
  object space 74240K, 18% used [0x0000000740000000,0x0000000740d72878,0x0000000744880000)
 Metaspace       used 33144K, capacity 33585K, committed 34176K, reserved 1079296K
  class space    used 4001K, capacity 4113K, committed 4224K, reserved 1048576K
Event: 14.278 GC heap after
Heap after GC invocations=4 (full 1):
 PSYoungGen      total 76288K, used 10743K [0x0000000795580000, 0x000000079aa80000, 0x00000007c0000000)
  eden space 65536K, 0% used [0x0000000795580000,0x0000000795580000,0x0000000799580000)
  from space 10752K, 99% used [0x0000000799580000,0x0000000799ffdfc0,0x000000079a000000)
  to   space 10752K, 0% used [0x000000079a000000,0x000000079a000000,0x000000079aa80000)
 ParOldGen       total 74240K, used 14062K [0x0000000740000000, 0x0000000744880000, 0x0000000795580000)
  object space 74240K, 18% used [0x0000000740000000,0x0000000740dbb898,0x0000000744880000)
 Metaspace       used 33144K, capacity 33585K, committed 34176K, reserved 1079296K
  class space    used 4001K, capacity 4113K, committed 4224K, reserved 1048576K
}

