# JRE version: Java(TM) SE Runtime Environment (8.0_45-b14) (build 1.8.0_45-b14)
# Java VM: Java HotSpot(TM) 64-Bit Server VM (25.45-b02 mixed mode bsd-amd64 compressed oops)
Heap:
 PSYoungGen      total 117760K, used 104903K [0x0000000795580000, 0x000000079d600000, 0x00000007c0000000)
  eden space 107008K, 87% used [0x0000000795580000,0x000000079b175b68,0x000000079be00000)
  from space 10752K, 99% used [0x000000079cb80000,0x000000079d5fc400,0x000000079d600000)
  to   space 10752K, 0% used [0x000000079c100000,0x000000079c100000,0x000000079cb80000)
 ParOldGen       total 123904K, used 18330K [0x0000000740000000, 0x0000000747900000, 0x0000000795580000)
  object space 123904K, 14% used [0x0000000740000000,0x00000007411e6a58,0x0000000747900000)
 Metaspace       used 31050K, capacity 31461K, committed 31872K, reserved 1077248K
  class space    used 3773K, capacity 3911K, committed 3968K, reserved 1048576K
GC Heap History (10 events):
Event: 2.232 GC heap before
{Heap before GC invocations=1 (full 0):
 PSYoungGen      total 76288K, used 41948K [0x0000000795580000, 0x000000079aa80000, 0x00000007c0000000)
  eden space 65536K, 64% used [0x0000000795580000,0x0000000797e772c0,0x0000000799580000)
  from space 10752K, 0% used [0x000000079a000000,0x000000079a000000,0x000000079aa80000)
  to   space 10752K, 0% used [0x0000000799580000,0x0000000799580000,0x000000079a000000)
 ParOldGen       total 175104K, used 0K [0x0000000740000000, 0x000000074ab00000, 0x0000000795580000)
  object space 175104K, 0% used [0x0000000740000000,0x0000000740000000,0x000000074ab00000)
 Metaspace       used 20672K, capacity 20977K, committed 21248K, reserved 1069056K
  class space    used 2309K, capacity 2433K, committed 2560K, reserved 1048576K
Event: 2.238 GC heap after
Heap after GC invocations=1 (full 0):
 PSYoungGen      total 76288K, used 8452K [0x0000000795580000, 0x000000079aa80000, 0x00000007c0000000)
  eden space 65536K, 0% used [0x0000000795580000,0x0000000795580000,0x0000000799580000)
  from space 10752K, 78% used [0x0000000799580000,0x0000000799dc1050,0x000000079a000000)
  to   space 10752K, 0% used [0x000000079a000000,0x000000079a000000,0x000000079aa80000)
 ParOldGen       total 175104K, used 16K [0x0000000740000000, 0x000000074ab00000, 0x0000000795580000)
  object space 175104K, 0% used [0x0000000740000000,0x0000000740004000,0x000000074ab00000)
 Metaspace       used 20672K, capacity 20977K, committed 21248K, reserved 1069056K
  class space    used 2309K, capacity 2433K, committed 2560K, reserved 1048576K
}
Event: 2.238 GC heap before
{Heap before GC invocations=2 (full 1):
 PSYoungGen      total 76288K, used 8452K [0x0000000795580000, 0x000000079aa80000, 0x00000007c0000000)
  eden space 65536K, 0% used [0x0000000795580000,0x0000000795580000,0x0000000799580000)
  from space 10752K, 78% used [0x0000000799580000,0x0000000799dc1050,0x000000079a000000)
  to   space 10752K, 0% used [0x000000079a000000,0x000000079a000000,0x000000079aa80000)
 ParOldGen       total 175104K, used 16K [0x0000000740000000, 0x000000074ab00000, 0x0000000795580000)
  object space 175104K, 0% used [0x0000000740000000,0x0000000740004000,0x000000074ab00000)
 Metaspace       used 20672K, capacity 20977K, committed 21248K, reserved 1069056K
  class space    used 2309K, capacity 2433K, committed 2560K, reserved 1048576K
Event: 2.256 GC heap after
Heap after GC invocations=2 (full 1):
 PSYoungGen      total 76288K, used 0K [0x0000000795580000, 0x000000079aa80000, 0x00000007c0000000)
  eden space 65536K, 0% used [0x0000000795580000,0x0000000795580000,0x0000000799580000)
  from space 10752K, 0% used [0x0000000799580000,0x0000000799580000,0x000000079a000000)
  to   space 10752K, 0% used [0x000000079a000000,0x000000079a000000,0x000000079aa80000)
 ParOldGen       total 123904K, used 8183K [0x0000000740000000, 0x0000000747900000, 0x0000000795580000)
  object space 123904K, 6% used [0x0000000740000000,0x00000007407fdee8,0x0000000747900000)
 Metaspace       used 20672K, capacity 20977K, committed 21248K, reserved 1069056K
  class space    used 2309K, capacity 2433K, committed 2560K, reserved 1048576K
}
Event: 3.406 GC heap before
{Heap before GC invocations=3 (full 1):
 PSYoungGen      total 76288K, used 65536K [0x0000000795580000, 0x000000079aa80000, 0x00000007c0000000)
  eden space 65536K, 100% used [0x0000000795580000,0x0000000799580000,0x0000000799580000)
  from space 10752K, 0% used [0x0000000799580000,0x0000000799580000,0x000000079a000000)
  to   space 10752K, 0% used [0x000000079a000000,0x000000079a000000,0x000000079aa80000)
 ParOldGen       total 123904K, used 8183K [0x0000000740000000, 0x0000000747900000, 0x0000000795580000)
  object space 123904K, 6% used [0x0000000740000000,0x00000007407fdee8,0x0000000747900000)
 Metaspace       used 30564K, capacity 31013K, committed 31360K, reserved 1077248K
  class space    used 3729K, capacity 3847K, committed 3968K, reserved 1048576K
Event: 3.413 GC heap after
Heap after GC invocations=3 (full 1):
 PSYoungGen      total 76288K, used 10730K [0x0000000795580000, 0x000000079c080000, 0x00000007c0000000)
  eden space 65536K, 0% used [0x0000000795580000,0x0000000795580000,0x0000000799580000)
  from space 10752K, 99% used [0x000000079a000000,0x000000079aa7aa50,0x000000079aa80000)
  to   space 10752K, 0% used [0x0000000799580000,0x0000000799580000,0x000000079a000000)
 ParOldGen       total 123904K, used 12974K [0x0000000740000000, 0x0000000747900000, 0x0000000795580000)
  object space 123904K, 10% used [0x0000000740000000,0x0000000740cabb58,0x0000000747900000)
 Metaspace       used 30564K, capacity 31013K, committed 31360K, reserved 1077248K
  class space    used 3729K, capacity 3847K, committed 3968K, reserved 1048576K
}
Event: 3.500 GC heap before
{Heap before GC invocations=4 (full 1):
 PSYoungGen      total 76288K, used 76266K [0x0000000795580000, 0x000000079c080000, 0x00000007c0000000)
  eden space 65536K, 100% used [0x0000000795580000,0x0000000799580000,0x0000000799580000)
  from space 10752K, 99% used [0x000000079a000000,0x000000079aa7aa50,0x000000079aa80000)
  to   space 10752K, 0% used [0x0000000799580000,0x0000000799580000,0x000000079a000000)
 ParOldGen       total 123904K, used 12974K [0x0000000740000000, 0x0000000747900000, 0x0000000795580000)
  object space 123904K, 10% used [0x0000000740000000,0x0000000740cabb58,0x0000000747900000)
 Metaspace       used 30651K, capacity 31013K, committed 31360K, reserved 1077248K
  class space    used 3732K, capacity 3847K, committed 3968K, reserved 1048576K
Event: 3.504 GC heap after
Heap after GC invocations=4 (full 1):
 PSYoungGen      total 76288K, used 10728K [0x0000000795580000, 0x000000079d600000, 0x00000007c0000000)
  eden space 65536K, 0% used [0x0000000795580000,0x0000000795580000,0x0000000799580000)
  from space 10752K, 99% used [0x0000000799580000,0x0000000799ffa210,0x000000079a000000)
  to   space 10752K, 0% used [0x000000079cb80000,0x000000079cb80000,0x000000079d600000)
 ParOldGen       total 123904K, used 14728K [0x0000000740000000, 0x0000000747900000, 0x0000000795580000)
  object space 123904K, 11% used [0x0000000740000000,0x0000000740e62088,0x0000000747900000)
 Metaspace       used 30651K, capacity 31013K, committed 31360K, reserved 1077248K
  class space    used 3732K, capacity 3847K, committed 3968K, reserved 1048576K
}
Event: 4.956 GC heap before
{Heap before GC invocations=5 (full 1):
 PSYoungGen      total 76288K, used 75376K [0x0000000795580000, 0x000000079d600000, 0x00000007c0000000)
  eden space 65536K, 98% used [0x0000000795580000,0x00000007994a1f78,0x0000000799580000)
  from space 10752K, 99% used [0x0000000799580000,0x0000000799ffa210,0x000000079a000000)
  to   space 10752K, 0% used [0x000000079cb80000,0x000000079cb80000,0x000000079d600000)
 ParOldGen       total 123904K, used 14728K [0x0000000740000000, 0x0000000747900000, 0x0000000795580000)
  object space 123904K, 11% used [0x0000000740000000,0x0000000740e62088,0x0000000747900000)
 Metaspace       used 30977K, capacity 31397K, committed 31872K, reserved 1077248K
  class space    used 3767K, capacity 3911K, committed 3968K, reserved 1048576K
Event: 4.964 GC heap after
Heap after GC invocations=5 (full 1):
 PSYoungGen      total 117760K, used 10737K [0x0000000795580000, 0x000000079d600000, 0x00000007c0000000)
  eden space 107008K, 0% used [0x0000000795580000,0x0000000795580000,0x000000079be00000)
  from space 10752K, 99% used [0x000000079cb80000,0x000000079d5fc400,0x000000079d600000)
  to   space 10752K, 0% used [0x000000079c100000,0x000000079c100000,0x000000079cb80000)
 ParOldGen       total 123904K, used 18330K [0x0000000740000000, 0x0000000747900000, 0x0000000795580000)
  object space 123904K, 14% used [0x0000000740000000,0x00000007411e6a58,0x0000000747900000)
 Metaspace       used 30977K, capacity 31397K, committed 31872K, reserved 1077248K
  class space    used 3767K, capacity 3911K, committed 3968K, reserved 1048576K
}

