# JRE version: Java(TM) SE Runtime Environment (8.0_45-b14) (build 1.8.0_45-b14)
# Java VM: Java HotSpot(TM) 64-Bit Server VM (25.45-b02 mixed mode bsd-amd64 compressed oops)
Heap:
 PSYoungGen      total 107520K, used 66252K [0x0000000795580000, 0x000000079d400000, 0x00000007c0000000)
  eden space 90624K, 60% used [0x0000000795580000,0x0000000798b1c320,0x000000079ae00000)
  from space 16896K, 67% used [0x000000079be00000,0x000000079c916eb0,0x000000079ce80000)
  to   space 16384K, 0% used [0x000000079ae00000,0x000000079ae00000,0x000000079be00000)
 ParOldGen       total 74752K, used 17580K [0x0000000740000000, 0x0000000744900000, 0x0000000795580000)
  object space 74752K, 23% used [0x0000000740000000,0x000000074112b298,0x0000000744900000)
 Metaspace       used 33959K, capacity 34401K, committed 34944K, reserved 1079296K
  class space    used 4003K, capacity 4145K, committed 4224K, reserved 1048576K
GC Heap History (10 events):
Event: 6.601 GC heap before
{Heap before GC invocations=3 (full 1):
 PSYoungGen      total 76288K, used 65536K [0x0000000795580000, 0x000000079aa80000, 0x00000007c0000000)
  eden space 65536K, 100% used [0x0000000795580000,0x0000000799580000,0x0000000799580000)
  from space 10752K, 0% used [0x0000000799580000,0x0000000799580000,0x000000079a000000)
  to   space 10752K, 0% used [0x000000079a000000,0x000000079a000000,0x000000079aa80000)
 ParOldGen       total 74752K, used 9105K [0x0000000740000000, 0x0000000744900000, 0x0000000795580000)
  object space 74752K, 12% used [0x0000000740000000,0x00000007408e4660,0x0000000744900000)
 Metaspace       used 32965K, capacity 33389K, committed 33920K, reserved 1079296K
  class space    used 3982K, capacity 4111K, committed 4224K, reserved 1048576K
Event: 6.609 GC heap after
Heap after GC invocations=3 (full 1):
 PSYoungGen      total 76288K, used 10747K [0x0000000795580000, 0x000000079aa80000, 0x00000007c0000000)
  eden space 65536K, 0% used [0x0000000795580000,0x0000000795580000,0x0000000799580000)
  from space 10752K, 99% used [0x000000079a000000,0x000000079aa7ede0,0x000000079aa80000)
  to   space 10752K, 0% used [0x0000000799580000,0x0000000799580000,0x000000079a000000)
 ParOldGen       total 74752K, used 15485K [0x0000000740000000, 0x0000000744900000, 0x0000000795580000)
  object space 74752K, 20% used [0x0000000740000000,0x0000000740f1f538,0x0000000744900000)
 Metaspace       used 32965K, capacity 33389K, committed 33920K, reserved 1079296K
  class space    used 3982K, capacity 4111K, committed 4224K, reserved 1048576K
}
Event: 7.930 GC heap before
{Heap before GC invocations=4 (full 1):
 PSYoungGen      total 76288K, used 76283K [0x0000000795580000, 0x000000079aa80000, 0x00000007c0000000)
  eden space 65536K, 100% used [0x0000000795580000,0x0000000799580000,0x0000000799580000)
  from space 10752K, 99% used [0x000000079a000000,0x000000079aa7ede0,0x000000079aa80000)
  to   space 10752K, 0% used [0x0000000799580000,0x0000000799580000,0x000000079a000000)
 ParOldGen       total 74752K, used 15485K [0x0000000740000000, 0x0000000744900000, 0x0000000795580000)
  object space 74752K, 20% used [0x0000000740000000,0x0000000740f1f538,0x0000000744900000)
 Metaspace       used 33380K, capacity 33817K, committed 34176K, reserved 1079296K
  class space    used 4000K, capacity 4145K, committed 4224K, reserved 1048576K
Event: 7.934 GC heap after
Heap after GC invocations=4 (full 1):
 PSYoungGen      total 76288K, used 10731K [0x0000000795580000, 0x000000079aa80000, 0x00000007c0000000)
  eden space 65536K, 0% used [0x0000000795580000,0x0000000795580000,0x0000000799580000)
  from space 10752K, 99% used [0x0000000799580000,0x0000000799ffaea0,0x000000079a000000)
  to   space 10752K, 0% used [0x000000079a000000,0x000000079a000000,0x000000079aa80000)
 ParOldGen       total 74752K, used 17124K [0x0000000740000000, 0x0000000744900000, 0x0000000795580000)
  object space 74752K, 22% used [0x0000000740000000,0x00000007410b9088,0x0000000744900000)
 Metaspace       used 33380K, capacity 33817K, committed 34176K, reserved 1079296K
  class space    used 4000K, capacity 4145K, committed 4224K, reserved 1048576K
}
Event: 8.460 GC heap before
{Heap before GC invocations=5 (full 1):
 PSYoungGen      total 76288K, used 76139K [0x0000000795580000, 0x000000079aa80000, 0x00000007c0000000)
  eden space 65536K, 99% used [0x0000000795580000,0x0000000799560138,0x0000000799580000)
  from space 10752K, 99% used [0x0000000799580000,0x0000000799ffaea0,0x000000079a000000)
  to   space 10752K, 0% used [0x000000079a000000,0x000000079a000000,0x000000079aa80000)
 ParOldGen       total 74752K, used 17124K [0x0000000740000000, 0x0000000744900000, 0x0000000795580000)
  object space 74752K, 22% used [0x0000000740000000,0x00000007410b9088,0x0000000744900000)
 Metaspace       used 33539K, capacity 33945K, committed 34432K, reserved 1079296K
  class space    used 4000K, capacity 4145K, committed 4224K, reserved 1048576K
Event: 8.463 GC heap after
Heap after GC invocations=5 (full 1):
 PSYoungGen      total 76288K, used 10723K [0x0000000795580000, 0x000000079aa80000, 0x00000007c0000000)
  eden space 65536K, 0% used [0x0000000795580000,0x0000000795580000,0x0000000799580000)
  from space 10752K, 99% used [0x000000079a000000,0x000000079aa78ca0,0x000000079aa80000)
  to   space 10752K, 0% used [0x0000000799580000,0x0000000799580000,0x000000079a000000)
 ParOldGen       total 74752K, used 17500K [0x0000000740000000, 0x0000000744900000, 0x0000000795580000)
  object space 74752K, 23% used [0x0000000740000000,0x0000000741117298,0x0000000744900000)
 Metaspace       used 33539K, capacity 33945K, committed 34432K, reserved 1079296K
  class space    used 4000K, capacity 4145K, committed 4224K, reserved 1048576K
}
Event: 9.006 GC heap before
{Heap before GC invocations=6 (full 1):
 PSYoungGen      total 76288K, used 75252K [0x0000000795580000, 0x000000079aa80000, 0x00000007c0000000)
  eden space 65536K, 98% used [0x0000000795580000,0x0000000799484420,0x0000000799580000)
  from space 10752K, 99% used [0x000000079a000000,0x000000079aa78ca0,0x000000079aa80000)
  to   space 10752K, 0% used [0x0000000799580000,0x0000000799580000,0x000000079a000000)
 ParOldGen       total 74752K, used 17500K [0x0000000740000000, 0x0000000744900000, 0x0000000795580000)
  object space 74752K, 23% used [0x0000000740000000,0x0000000741117298,0x0000000744900000)
 Metaspace       used 33663K, capacity 34137K, committed 34688K, reserved 1079296K
  class space    used 4002K, capacity 4145K, committed 4224K, reserved 1048576K
Event: 9.010 GC heap after
Heap after GC invocations=6 (full 1):
 PSYoungGen      total 76288K, used 10739K [0x0000000795580000, 0x000000079ce80000, 0x00000007c0000000)
  eden space 65536K, 0% used [0x0000000795580000,0x0000000795580000,0x0000000799580000)
  from space 10752K, 99% used [0x0000000799580000,0x0000000799ffcc90,0x000000079a000000)
  to   space 16896K, 0% used [0x000000079be00000,0x000000079be00000,0x000000079ce80000)
 ParOldGen       total 74752K, used 17572K [0x0000000740000000, 0x0000000744900000, 0x0000000795580000)
  object space 74752K, 23% used [0x0000000740000000,0x0000000741129298,0x0000000744900000)
 Metaspace       used 33663K, capacity 34137K, committed 34688K, reserved 1079296K
  class space    used 4002K, capacity 4145K, committed 4224K, reserved 1048576K
}
Event: 9.537 GC heap before
{Heap before GC invocations=7 (full 1):
 PSYoungGen      total 76288K, used 76275K [0x0000000795580000, 0x000000079ce80000, 0x00000007c0000000)
  eden space 65536K, 100% used [0x0000000795580000,0x0000000799580000,0x0000000799580000)
  from space 10752K, 99% used [0x0000000799580000,0x0000000799ffcc90,0x000000079a000000)
  to   space 16896K, 0% used [0x000000079be00000,0x000000079be00000,0x000000079ce80000)
 ParOldGen       total 74752K, used 17572K [0x0000000740000000, 0x0000000744900000, 0x0000000795580000)
  object space 74752K, 23% used [0x0000000740000000,0x0000000741129298,0x0000000744900000)
 Metaspace       used 33804K, capacity 34265K, committed 34688K, reserved 1079296K
  class space    used 4002K, capacity 4145K, committed 4224K, reserved 1048576K
Event: 9.544 GC heap after
Heap after GC invocations=7 (full 1):
 PSYoungGen      total 107520K, used 11355K [0x0000000795580000, 0x000000079d400000, 0x00000007c0000000)
  eden space 90624K, 0% used [0x0000000795580000,0x0000000795580000,0x000000079ae00000)
  from space 16896K, 67% used [0x000000079be00000,0x000000079c916eb0,0x000000079ce80000)
  to   space 16384K, 0% used [0x000000079ae00000,0x000000079ae00000,0x000000079be00000)
 ParOldGen       total 74752K, used 17580K [0x0000000740000000, 0x0000000744900000, 0x0000000795580000)
  object space 74752K, 23% used [0x0000000740000000,0x000000074112b298,0x0000000744900000)
 Metaspace       used 33804K, capacity 34265K, committed 34688K, reserved 1079296K
  class space    used 4002K, capacity 4145K, committed 4224K, reserved 1048576K
}

