# JRE version: Java(TM) SE Runtime Environment (8.0_45-b14) (build 1.8.0_45-b14)
# Java VM: Java HotSpot(TM) 64-Bit Server VM (25.45-b02 mixed mode bsd-amd64 compressed oops)
Heap:
 PSYoungGen      total 76288K, used 56021K [0x0000000795580000, 0x000000079aa80000, 0x00000007c0000000)
  eden space 65536K, 69% used [0x0000000795580000,0x00000007981bc8e0,0x0000000799580000)
  from space 10752K, 99% used [0x000000079a000000,0x000000079aa78f18,0x000000079aa80000)
  to   space 10752K, 0% used [0x0000000799580000,0x0000000799580000,0x000000079a000000)
 ParOldGen       total 74752K, used 14585K [0x0000000740000000, 0x0000000744900000, 0x0000000795580000)
  object space 74752K, 19% used [0x0000000740000000,0x0000000740e3e538,0x0000000744900000)
 Metaspace       used 33012K, capacity 33489K, committed 33920K, reserved 1079296K
  class space    used 4004K, capacity 4145K, committed 4224K, reserved 1048576K
GC Heap History (6 events):
Event: 2.562 GC heap before
{Heap before GC invocations=1 (full 0):
 PSYoungGen      total 76288K, used 43264K [0x0000000795580000, 0x000000079aa80000, 0x00000007c0000000)
  eden space 65536K, 66% used [0x0000000795580000,0x0000000797fc00c8,0x0000000799580000)
  from space 10752K, 0% used [0x000000079a000000,0x000000079a000000,0x000000079aa80000)
  to   space 10752K, 0% used [0x0000000799580000,0x0000000799580000,0x000000079a000000)
 ParOldGen       total 175104K, used 0K [0x0000000740000000, 0x000000074ab00000, 0x0000000795580000)
  object space 175104K, 0% used [0x0000000740000000,0x0000000740000000,0x000000074ab00000)
 Metaspace       used 20676K, capacity 20993K, committed 21248K, reserved 1069056K
  class space    used 2312K, capacity 2433K, committed 2560K, reserved 1048576K
Event: 2.567 GC heap after
Heap after GC invocations=1 (full 0):
 PSYoungGen      total 76288K, used 9166K [0x0000000795580000, 0x000000079aa80000, 0x00000007c0000000)
  eden space 65536K, 0% used [0x0000000795580000,0x0000000795580000,0x0000000799580000)
  from space 10752K, 85% used [0x0000000799580000,0x0000000799e73a00,0x000000079a000000)
  to   space 10752K, 0% used [0x000000079a000000,0x000000079a000000,0x000000079aa80000)
 ParOldGen       total 175104K, used 16K [0x0000000740000000, 0x000000074ab00000, 0x0000000795580000)
  object space 175104K, 0% used [0x0000000740000000,0x0000000740004000,0x000000074ab00000)
 Metaspace       used 20676K, capacity 20993K, committed 21248K, reserved 1069056K
  class space    used 2312K, capacity 2433K, committed 2560K, reserved 1048576K
}
Event: 2.567 GC heap before
{Heap before GC invocations=2 (full 1):
 PSYoungGen      total 76288K, used 9166K [0x0000000795580000, 0x000000079aa80000, 0x00000007c0000000)
  eden space 65536K, 0% used [0x0000000795580000,0x0000000795580000,0x0000000799580000)
  from space 10752K, 85% used [0x0000000799580000,0x0000000799e73a00,0x000000079a000000)
  to   space 10752K, 0% used [0x000000079a000000,0x000000079a000000,0x000000079aa80000)
 ParOldGen       total 175104K, used 16K [0x0000000740000000, 0x000000074ab00000, 0x0000000795580000)
  object space 175104K, 0% used [0x0000000740000000,0x0000000740004000,0x000000074ab00000)
 Metaspace       used 20676K, capacity 20993K, committed 21248K, reserved 1069056K
  class space    used 2312K, capacity 2433K, committed 2560K, reserved 1048576K
Event: 2.586 GC heap after
Heap after GC invocations=2 (full 1):
 PSYoungGen      total 76288K, used 0K [0x0000000795580000, 0x000000079aa80000, 0x00000007c0000000)
  eden space 65536K, 0% used [0x0000000795580000,0x0000000795580000,0x0000000799580000)
  from space 10752K, 0% used [0x0000000799580000,0x0000000799580000,0x000000079a000000)
  to   space 10752K, 0% used [0x000000079a000000,0x000000079a000000,0x000000079aa80000)
 ParOldGen       total 74752K, used 8787K [0x0000000740000000, 0x0000000744900000, 0x0000000795580000)
  object space 74752K, 11% used [0x0000000740000000,0x0000000740894d30,0x0000000744900000)
 Metaspace       used 20676K, capacity 20993K, committed 21248K, reserved 1069056K
  class space    used 2312K, capacity 2433K, committed 2560K, reserved 1048576K
}
Event: 6.993 GC heap before
{Heap before GC invocations=3 (full 1):
 PSYoungGen      total 76288K, used 65536K [0x0000000795580000, 0x000000079aa80000, 0x00000007c0000000)
  eden space 65536K, 100% used [0x0000000795580000,0x0000000799580000,0x0000000799580000)
  from space 10752K, 0% used [0x0000000799580000,0x0000000799580000,0x000000079a000000)
  to   space 10752K, 0% used [0x000000079a000000,0x000000079a000000,0x000000079aa80000)
 ParOldGen       total 74752K, used 8787K [0x0000000740000000, 0x0000000744900000, 0x0000000795580000)
  object space 74752K, 11% used [0x0000000740000000,0x0000000740894d30,0x0000000744900000)
 Metaspace       used 32706K, capacity 33125K, committed 33664K, reserved 1079296K
  class space    used 3990K, capacity 4111K, committed 4224K, reserved 1048576K
Event: 7.000 GC heap after
Heap after GC invocations=3 (full 1):
 PSYoungGen      total 76288K, used 10723K [0x0000000795580000, 0x000000079aa80000, 0x00000007c0000000)
  eden space 65536K, 0% used [0x0000000795580000,0x0000000795580000,0x0000000799580000)
  from space 10752K, 99% used [0x000000079a000000,0x000000079aa78f18,0x000000079aa80000)
  to   space 10752K, 0% used [0x0000000799580000,0x0000000799580000,0x000000079a000000)
 ParOldGen       total 74752K, used 14585K [0x0000000740000000, 0x0000000744900000, 0x0000000795580000)
  object space 74752K, 19% used [0x0000000740000000,0x0000000740e3e538,0x0000000744900000)
 Metaspace       used 32706K, capacity 33125K, committed 33664K, reserved 1079296K
  class space    used 3990K, capacity 4111K, committed 4224K, reserved 1048576K
}

