# JRE version: Java(TM) SE Runtime Environment (8.0_45-b14) (build 1.8.0_45-b14)
# Java VM: Java HotSpot(TM) 64-Bit Server VM (25.45-b02 mixed mode bsd-amd64 compressed oops)
Heap:
 PSYoungGen      total 120320K, used 27824K [0x0000000795580000, 0x00000007a2d80000, 0x00000007c0000000)
  eden space 109568K, 25% used [0x0000000795580000,0x00000007970ac288,0x000000079c080000)
  from space 10752K, 0% used [0x000000079c080000,0x000000079c080000,0x000000079cb00000)
  to   space 28160K, 0% used [0x00000007a1200000,0x00000007a1200000,0x00000007a2d80000)
 ParOldGen       total 227840K, used 86021K [0x0000000740000000, 0x000000074de80000, 0x0000000795580000)
  object space 227840K, 37% used [0x0000000740000000,0x00000007454017c8,0x000000074de80000)
 Metaspace       used 31032K, capacity 31427K, committed 31872K, reserved 1077248K
  class space    used 3776K, capacity 3916K, committed 3968K, reserved 1048576K
GC Heap History (10 events):
Event: 3.599 GC heap before
{Heap before GC invocations=3 (full 1):
 PSYoungGen      total 76288K, used 65536K [0x0000000795580000, 0x000000079aa80000, 0x00000007c0000000)
  eden space 65536K, 100% used [0x0000000795580000,0x0000000799580000,0x0000000799580000)
  from space 10752K, 0% used [0x0000000799580000,0x0000000799580000,0x000000079a000000)
  to   space 10752K, 0% used [0x000000079a000000,0x000000079a000000,0x000000079aa80000)
 ParOldGen       total 74240K, used 8528K [0x0000000740000000, 0x0000000744880000, 0x0000000795580000)
  object space 74240K, 11% used [0x0000000740000000,0x0000000740854298,0x0000000744880000)
 Metaspace       used 30591K, capacity 31029K, committed 31360K, reserved 1077248K
  class space    used 3729K, capacity 3847K, committed 3968K, reserved 1048576K
Event: 3.607 GC heap after
Heap after GC invocations=3 (full 1):
 PSYoungGen      total 76288K, used 10738K [0x0000000795580000, 0x000000079c280000, 0x00000007c0000000)
  eden space 65536K, 0% used [0x0000000795580000,0x0000000795580000,0x0000000799580000)
  from space 10752K, 99% used [0x000000079a000000,0x000000079aa7cb20,0x000000079aa80000)
  to   space 10752K, 0% used [0x0000000799580000,0x0000000799580000,0x000000079a000000)
 ParOldGen       total 74240K, used 14604K [0x0000000740000000, 0x0000000744880000, 0x0000000795580000)
  object space 74240K, 19% used [0x0000000740000000,0x0000000740e43228,0x0000000744880000)
 Metaspace       used 30591K, capacity 31029K, committed 31360K, reserved 1077248K
  class space    used 3729K, capacity 3847K, committed 3968K, reserved 1048576K
}
Event: 3.696 GC heap before
{Heap before GC invocations=4 (full 1):
 PSYoungGen      total 76288K, used 76274K [0x0000000795580000, 0x000000079c280000, 0x00000007c0000000)
  eden space 65536K, 100% used [0x0000000795580000,0x0000000799580000,0x0000000799580000)
  from space 10752K, 99% used [0x000000079a000000,0x000000079aa7cb20,0x000000079aa80000)
  to   space 10752K, 0% used [0x0000000799580000,0x0000000799580000,0x000000079a000000)
 ParOldGen       total 74240K, used 14604K [0x0000000740000000, 0x0000000744880000, 0x0000000795580000)
  object space 74240K, 19% used [0x0000000740000000,0x0000000740e43228,0x0000000744880000)
 Metaspace       used 30673K, capacity 31093K, committed 31616K, reserved 1077248K
  class space    used 3733K, capacity 3847K, committed 3968K, reserved 1048576K
Event: 3.700 GC heap after
Heap after GC invocations=4 (full 1):
 PSYoungGen      total 76288K, used 10748K [0x0000000795580000, 0x000000079d580000, 0x00000007c0000000)
  eden space 65536K, 0% used [0x0000000795580000,0x0000000795580000,0x0000000799580000)
  from space 10752K, 99% used [0x0000000799580000,0x0000000799fff050,0x000000079a000000)
  to   space 10752K, 0% used [0x000000079cb00000,0x000000079cb00000,0x000000079d580000)
 ParOldGen       total 74240K, used 15626K [0x0000000740000000, 0x0000000744880000, 0x0000000795580000)
  object space 74240K, 21% used [0x0000000740000000,0x0000000740f42868,0x0000000744880000)
 Metaspace       used 30673K, capacity 31093K, committed 31616K, reserved 1077248K
  class space    used 3733K, capacity 3847K, committed 3968K, reserved 1048576K
}
Event: 9.705 GC heap before
{Heap before GC invocations=5 (full 1):
 PSYoungGen      total 76288K, used 75693K [0x0000000795580000, 0x000000079d580000, 0x00000007c0000000)
  eden space 65536K, 99% used [0x0000000795580000,0x00000007994ec768,0x0000000799580000)
  from space 10752K, 99% used [0x0000000799580000,0x0000000799fff050,0x000000079a000000)
  to   space 10752K, 0% used [0x000000079cb00000,0x000000079cb00000,0x000000079d580000)
 ParOldGen       total 74240K, used 15626K [0x0000000740000000, 0x0000000744880000, 0x0000000795580000)
  object space 74240K, 21% used [0x0000000740000000,0x0000000740f42868,0x0000000744880000)
 Metaspace       used 31029K, capacity 31427K, committed 31872K, reserved 1077248K
  class space    used 3775K, capacity 3916K, committed 3968K, reserved 1048576K
Event: 9.716 GC heap after
Heap after GC invocations=5 (full 1):
 PSYoungGen      total 116736K, used 10727K [0x0000000795580000, 0x000000079d580000, 0x00000007c0000000)
  eden space 105984K, 0% used [0x0000000795580000,0x0000000795580000,0x000000079bd00000)
  from space 10752K, 99% used [0x000000079cb00000,0x000000079d579eb0,0x000000079d580000)
  to   space 10752K, 0% used [0x000000079c080000,0x000000079c080000,0x000000079cb00000)
 ParOldGen       total 74240K, used 31614K [0x0000000740000000, 0x0000000744880000, 0x0000000795580000)
  object space 74240K, 42% used [0x0000000740000000,0x0000000741edfa88,0x0000000744880000)
 Metaspace       used 31029K, capacity 31427K, committed 31872K, reserved 1077248K
  class space    used 3775K, capacity 3916K, committed 3968K, reserved 1048576K
}
Event: 24.240 GC heap before
{Heap before GC invocations=6 (full 1):
 PSYoungGen      total 116736K, used 112071K [0x0000000795580000, 0x000000079d580000, 0x00000007c0000000)
  eden space 105984K, 95% used [0x0000000795580000,0x000000079b8780b8,0x000000079bd00000)
  from space 10752K, 99% used [0x000000079cb00000,0x000000079d579eb0,0x000000079d580000)
  to   space 10752K, 0% used [0x000000079c080000,0x000000079c080000,0x000000079cb00000)
 ParOldGen       total 74240K, used 31614K [0x0000000740000000, 0x0000000744880000, 0x0000000795580000)
  object space 74240K, 42% used [0x0000000740000000,0x0000000741edfa88,0x0000000744880000)
 Metaspace       used 31031K, capacity 31427K, committed 31872K, reserved 1077248K
  class space    used 3776K, capacity 3916K, committed 3968K, reserved 1048576K
Event: 24.261 GC heap after
Heap after GC invocations=6 (full 1):
 PSYoungGen      total 120320K, used 6548K [0x0000000795580000, 0x00000007a2d80000, 0x00000007c0000000)
  eden space 109568K, 0% used [0x0000000795580000,0x0000000795580000,0x000000079c080000)
  from space 10752K, 60% used [0x000000079c080000,0x000000079c6e53e0,0x000000079cb00000)
  to   space 28160K, 0% used [0x00000007a1200000,0x00000007a1200000,0x00000007a2d80000)
 ParOldGen       total 99840K, used 97158K [0x0000000740000000, 0x0000000746180000, 0x0000000795580000)
  object space 99840K, 97% used [0x0000000740000000,0x0000000745ee1ae8,0x0000000746180000)
 Metaspace       used 31031K, capacity 31427K, committed 31872K, reserved 1077248K
  class space    used 3776K, capacity 3916K, committed 3968K, reserved 1048576K
}
Event: 24.261 GC heap before
{Heap before GC invocations=7 (full 2):
 PSYoungGen      total 120320K, used 6548K [0x0000000795580000, 0x00000007a2d80000, 0x00000007c0000000)
  eden space 109568K, 0% used [0x0000000795580000,0x0000000795580000,0x000000079c080000)
  from space 10752K, 60% used [0x000000079c080000,0x000000079c6e53e0,0x000000079cb00000)
  to   space 28160K, 0% used [0x00000007a1200000,0x00000007a1200000,0x00000007a2d80000)
 ParOldGen       total 99840K, used 97158K [0x0000000740000000, 0x0000000746180000, 0x0000000795580000)
  object space 99840K, 97% used [0x0000000740000000,0x0000000745ee1ae8,0x0000000746180000)
 Metaspace       used 31031K, capacity 31427K, committed 31872K, reserved 1077248K
  class space    used 3776K, capacity 3916K, committed 3968K, reserved 1048576K
Event: 24.288 GC heap after
Heap after GC invocations=7 (full 2):
 PSYoungGen      total 120320K, used 0K [0x0000000795580000, 0x00000007a2d80000, 0x00000007c0000000)
  eden space 109568K, 0% used [0x0000000795580000,0x0000000795580000,0x000000079c080000)
  from space 10752K, 0% used [0x000000079c080000,0x000000079c080000,0x000000079cb00000)
  to   space 28160K, 0% used [0x00000007a1200000,0x00000007a1200000,0x00000007a2d80000)
 ParOldGen       total 227840K, used 86021K [0x0000000740000000, 0x000000074de80000, 0x0000000795580000)
  object space 227840K, 37% used [0x0000000740000000,0x00000007454017c8,0x000000074de80000)
 Metaspace       used 31031K, capacity 31427K, committed 31872K, reserved 1077248K
  class space    used 3776K, capacity 3916K, committed 3968K, reserved 1048576K
}

