# JRE version: Java(TM) SE Runtime Environment (8.0_45-b14) (build 1.8.0_45-b14)
# Java VM: Java HotSpot(TM) 64-Bit Server VM (25.45-b02 mixed mode bsd-amd64 compressed oops)
Heap:
 PSYoungGen      total 76288K, used 63491K [0x0000000795580000, 0x000000079b900000, 0x00000007c0000000)
  eden space 65536K, 80% used [0x0000000795580000,0x00000007989049b8,0x0000000799580000)
  from space 10752K, 99% used [0x000000079a000000,0x000000079aa7c2a0,0x000000079aa80000)
  to   space 10752K, 0% used [0x0000000799580000,0x0000000799580000,0x000000079a000000)
 ParOldGen       total 123904K, used 15705K [0x0000000740000000, 0x0000000747900000, 0x0000000795580000)
  object space 123904K, 12% used [0x0000000740000000,0x0000000740f56478,0x0000000747900000)
 Metaspace       used 33035K, capacity 33489K, committed 33920K, reserved 1079296K
  class space    used 4001K, capacity 4145K, committed 4224K, reserved 1048576K
GC Heap History (6 events):
Event: 2.369 GC heap before
{Heap before GC invocations=1 (full 0):
 PSYoungGen      total 76288K, used 43267K [0x0000000795580000, 0x000000079aa80000, 0x00000007c0000000)
  eden space 65536K, 66% used [0x0000000795580000,0x0000000797fc0e08,0x0000000799580000)
  from space 10752K, 0% used [0x000000079a000000,0x000000079a000000,0x000000079aa80000)
  to   space 10752K, 0% used [0x0000000799580000,0x0000000799580000,0x000000079a000000)
 ParOldGen       total 175104K, used 0K [0x0000000740000000, 0x000000074ab00000, 0x0000000795580000)
  object space 175104K, 0% used [0x0000000740000000,0x0000000740000000,0x000000074ab00000)
 Metaspace       used 20710K, capacity 21025K, committed 21296K, reserved 1069056K
  class space    used 2308K, capacity 2401K, committed 2432K, reserved 1048576K
Event: 2.375 GC heap after
Heap after GC invocations=1 (full 0):
 PSYoungGen      total 76288K, used 9017K [0x0000000795580000, 0x000000079aa80000, 0x00000007c0000000)
  eden space 65536K, 0% used [0x0000000795580000,0x0000000795580000,0x0000000799580000)
  from space 10752K, 83% used [0x0000000799580000,0x0000000799e4e750,0x000000079a000000)
  to   space 10752K, 0% used [0x000000079a000000,0x000000079a000000,0x000000079aa80000)
 ParOldGen       total 175104K, used 16K [0x0000000740000000, 0x000000074ab00000, 0x0000000795580000)
  object space 175104K, 0% used [0x0000000740000000,0x0000000740004000,0x000000074ab00000)
 Metaspace       used 20710K, capacity 21025K, committed 21296K, reserved 1069056K
  class space    used 2308K, capacity 2401K, committed 2432K, reserved 1048576K
}
Event: 2.375 GC heap before
{Heap before GC invocations=2 (full 1):
 PSYoungGen      total 76288K, used 9017K [0x0000000795580000, 0x000000079aa80000, 0x00000007c0000000)
  eden space 65536K, 0% used [0x0000000795580000,0x0000000795580000,0x0000000799580000)
  from space 10752K, 83% used [0x0000000799580000,0x0000000799e4e750,0x000000079a000000)
  to   space 10752K, 0% used [0x000000079a000000,0x000000079a000000,0x000000079aa80000)
 ParOldGen       total 175104K, used 16K [0x0000000740000000, 0x000000074ab00000, 0x0000000795580000)
  object space 175104K, 0% used [0x0000000740000000,0x0000000740004000,0x000000074ab00000)
 Metaspace       used 20710K, capacity 21025K, committed 21296K, reserved 1069056K
  class space    used 2308K, capacity 2401K, committed 2432K, reserved 1048576K
Event: 2.394 GC heap after
Heap after GC invocations=2 (full 1):
 PSYoungGen      total 76288K, used 0K [0x0000000795580000, 0x000000079aa80000, 0x00000007c0000000)
  eden space 65536K, 0% used [0x0000000795580000,0x0000000795580000,0x0000000799580000)
  from space 10752K, 0% used [0x0000000799580000,0x0000000799580000,0x000000079a000000)
  to   space 10752K, 0% used [0x000000079a000000,0x000000079a000000,0x000000079aa80000)
 ParOldGen       total 123904K, used 8443K [0x0000000740000000, 0x0000000747900000, 0x0000000795580000)
  object space 123904K, 6% used [0x0000000740000000,0x000000074083edc0,0x0000000747900000)
 Metaspace       used 20710K, capacity 21025K, committed 21296K, reserved 1069056K
  class space    used 2308K, capacity 2401K, committed 2432K, reserved 1048576K
}
Event: 6.207 GC heap before
{Heap before GC invocations=3 (full 1):
 PSYoungGen      total 76288K, used 65536K [0x0000000795580000, 0x000000079aa80000, 0x00000007c0000000)
  eden space 65536K, 100% used [0x0000000795580000,0x0000000799580000,0x0000000799580000)
  from space 10752K, 0% used [0x0000000799580000,0x0000000799580000,0x000000079a000000)
  to   space 10752K, 0% used [0x000000079a000000,0x000000079a000000,0x000000079aa80000)
 ParOldGen       total 123904K, used 8443K [0x0000000740000000, 0x0000000747900000, 0x0000000795580000)
  object space 123904K, 6% used [0x0000000740000000,0x000000074083edc0,0x0000000747900000)
 Metaspace       used 32640K, capacity 33061K, committed 33664K, reserved 1079296K
  class space    used 3983K, capacity 4111K, committed 4224K, reserved 1048576K
Event: 6.214 GC heap after
Heap after GC invocations=3 (full 1):
 PSYoungGen      total 76288K, used 10736K [0x0000000795580000, 0x000000079b900000, 0x00000007c0000000)
  eden space 65536K, 0% used [0x0000000795580000,0x0000000795580000,0x0000000799580000)
  from space 10752K, 99% used [0x000000079a000000,0x000000079aa7c2a0,0x000000079aa80000)
  to   space 10752K, 0% used [0x0000000799580000,0x0000000799580000,0x000000079a000000)
 ParOldGen       total 123904K, used 15705K [0x0000000740000000, 0x0000000747900000, 0x0000000795580000)
  object space 123904K, 12% used [0x0000000740000000,0x0000000740f56478,0x0000000747900000)
 Metaspace       used 32640K, capacity 33061K, committed 33664K, reserved 1079296K
  class space    used 3983K, capacity 4111K, committed 4224K, reserved 1048576K
}

