# JRE version: Java(TM) SE Runtime Environment (8.0_45-b14) (build 1.8.0_45-b14)
# Java VM: Java HotSpot(TM) 64-Bit Server VM (25.45-b02 mixed mode bsd-amd64 compressed oops)
Heap:
 PSYoungGen      total 116224K, used 26252K [0x000000076ab00000, 0x0000000772700000, 0x00000007c0000000)
  eden space 105472K, 24% used [0x000000076ab00000,0x000000076c4a33c0,0x0000000771200000)
  from space 10752K, 0% used [0x0000000771200000,0x0000000771200000,0x0000000771c80000)
  to   space 10752K, 0% used [0x0000000771c80000,0x0000000771c80000,0x0000000772700000)
 ParOldGen       total 95744K, used 20442K [0x00000006c0000000, 0x00000006c5d80000, 0x000000076ab00000)
  object space 95744K, 21% used [0x00000006c0000000,0x00000006c13f68a8,0x00000006c5d80000)
 Metaspace       used 33965K, capacity 34447K, committed 34864K, reserved 1079296K
  class space    used 4234K, capacity 4350K, committed 4400K, reserved 1048576K
GC Heap History (10 events):
Event: 2.060 GC heap before
{Heap before GC invocations=7 (full 2):
 PSYoungGen      total 76288K, used 11760K [0x000000076ab00000, 0x0000000774000000, 0x00000007c0000000)
  eden space 65536K, 17% used [0x000000076ab00000,0x000000076b67c3b0,0x000000076eb00000)
  from space 10752K, 0% used [0x000000076f580000,0x000000076f580000,0x0000000770000000)
  to   space 10752K, 0% used [0x000000076eb00000,0x000000076eb00000,0x000000076f580000)
 ParOldGen       total 95744K, used 7905K [0x00000006c0000000, 0x00000006c5d80000, 0x000000076ab00000)
  object space 95744K, 8% used [0x00000006c0000000,0x00000006c07b8628,0x00000006c5d80000)
 Metaspace       used 23142K, capacity 23492K, committed 23600K, reserved 1069056K
  class space    used 3013K, capacity 3112K, committed 3120K, reserved 1048576K
Event: 2.062 GC heap after
Heap after GC invocations=7 (full 2):
 PSYoungGen      total 76288K, used 2399K [0x000000076ab00000, 0x0000000772700000, 0x00000007c0000000)
  eden space 65536K, 0% used [0x000000076ab00000,0x000000076ab00000,0x000000076eb00000)
  from space 10752K, 22% used [0x000000076eb00000,0x000000076ed57d10,0x000000076f580000)
  to   space 10752K, 0% used [0x0000000771c80000,0x0000000771c80000,0x0000000772700000)
 ParOldGen       total 95744K, used 7913K [0x00000006c0000000, 0x00000006c5d80000, 0x000000076ab00000)
  object space 95744K, 8% used [0x00000006c0000000,0x00000006c07ba628,0x00000006c5d80000)
 Metaspace       used 23142K, capacity 23492K, committed 23600K, reserved 1069056K
  class space    used 3013K, capacity 3112K, committed 3120K, reserved 1048576K
}
Event: 2.775 GC heap before
{Heap before GC invocations=8 (full 2):
 PSYoungGen      total 76288K, used 22747K [0x000000076ab00000, 0x0000000772700000, 0x00000007c0000000)
  eden space 65536K, 31% used [0x000000076ab00000,0x000000076bedf228,0x000000076eb00000)
  from space 10752K, 22% used [0x000000076eb00000,0x000000076ed57d10,0x000000076f580000)
  to   space 10752K, 0% used [0x0000000771c80000,0x0000000771c80000,0x0000000772700000)
 ParOldGen       total 95744K, used 7913K [0x00000006c0000000, 0x00000006c5d80000, 0x000000076ab00000)
  object space 95744K, 8% used [0x00000006c0000000,0x00000006c07ba628,0x00000006c5d80000)
 Metaspace       used 28047K, capacity 28467K, committed 28848K, reserved 1075200K
  class space    used 3352K, capacity 3488K, committed 3504K, reserved 1048576K
Event: 2.779 GC heap after
Heap after GC invocations=8 (full 2):
 PSYoungGen      total 116224K, used 5259K [0x000000076ab00000, 0x0000000772700000, 0x00000007c0000000)
  eden space 105472K, 0% used [0x000000076ab00000,0x000000076ab00000,0x0000000771200000)
  from space 10752K, 48% used [0x0000000771c80000,0x00000007721a2d88,0x0000000772700000)
  to   space 10752K, 0% used [0x0000000771200000,0x0000000771200000,0x0000000771c80000)
 ParOldGen       total 95744K, used 7921K [0x00000006c0000000, 0x00000006c5d80000, 0x000000076ab00000)
  object space 95744K, 8% used [0x00000006c0000000,0x00000006c07bc628,0x00000006c5d80000)
 Metaspace       used 28047K, capacity 28467K, committed 28848K, reserved 1075200K
  class space    used 3352K, capacity 3488K, committed 3504K, reserved 1048576K
}
Event: 2.779 GC heap before
{Heap before GC invocations=9 (full 3):
 PSYoungGen      total 116224K, used 5259K [0x000000076ab00000, 0x0000000772700000, 0x00000007c0000000)
  eden space 105472K, 0% used [0x000000076ab00000,0x000000076ab00000,0x0000000771200000)
  from space 10752K, 48% used [0x0000000771c80000,0x00000007721a2d88,0x0000000772700000)
  to   space 10752K, 0% used [0x0000000771200000,0x0000000771200000,0x0000000771c80000)
 ParOldGen       total 95744K, used 7921K [0x00000006c0000000, 0x00000006c5d80000, 0x000000076ab00000)
  object space 95744K, 8% used [0x00000006c0000000,0x00000006c07bc628,0x00000006c5d80000)
 Metaspace       used 28047K, capacity 28467K, committed 28848K, reserved 1075200K
  class space    used 3352K, capacity 3488K, committed 3504K, reserved 1048576K
Event: 2.862 GC heap after
Heap after GC invocations=9 (full 3):
 PSYoungGen      total 116224K, used 0K [0x000000076ab00000, 0x0000000772700000, 0x00000007c0000000)
  eden space 105472K, 0% used [0x000000076ab00000,0x000000076ab00000,0x0000000771200000)
  from space 10752K, 0% used [0x0000000771c80000,0x0000000771c80000,0x0000000772700000)
  to   space 10752K, 0% used [0x0000000771200000,0x0000000771200000,0x0000000771c80000)
 ParOldGen       total 95744K, used 12394K [0x00000006c0000000, 0x00000006c5d80000, 0x000000076ab00000)
  object space 95744K, 12% used [0x00000006c0000000,0x00000006c0c1a9f0,0x00000006c5d80000)
 Metaspace       used 28047K, capacity 28467K, committed 28848K, reserved 1075200K
  class space    used 3352K, capacity 3488K, committed 3504K, reserved 1048576K
}
Event: 3.565 GC heap before
{Heap before GC invocations=10 (full 3):
 PSYoungGen      total 116224K, used 33445K [0x000000076ab00000, 0x0000000772700000, 0x00000007c0000000)
  eden space 105472K, 31% used [0x000000076ab00000,0x000000076cba9578,0x0000000771200000)
  from space 10752K, 0% used [0x0000000771c80000,0x0000000771c80000,0x0000000772700000)
  to   space 10752K, 0% used [0x0000000771200000,0x0000000771200000,0x0000000771c80000)
 ParOldGen       total 95744K, used 12394K [0x00000006c0000000, 0x00000006c5d80000, 0x000000076ab00000)
  object space 95744K, 12% used [0x00000006c0000000,0x00000006c0c1a9f0,0x00000006c5d80000)
 Metaspace       used 31281K, capacity 31743K, committed 32176K, reserved 1077248K
  class space    used 3885K, capacity 3990K, committed 4016K, reserved 1048576K
Event: 3.573 GC heap after
Heap after GC invocations=10 (full 3):
 PSYoungGen      total 116224K, used 10079K [0x000000076ab00000, 0x0000000772700000, 0x00000007c0000000)
  eden space 105472K, 0% used [0x000000076ab00000,0x000000076ab00000,0x0000000771200000)
  from space 10752K, 93% used [0x0000000771200000,0x0000000771bd7cf8,0x0000000771c80000)
  to   space 10752K, 0% used [0x0000000771c80000,0x0000000771c80000,0x0000000772700000)
 ParOldGen       total 95744K, used 12402K [0x00000006c0000000, 0x00000006c5d80000, 0x000000076ab00000)
  object space 95744K, 12% used [0x00000006c0000000,0x00000006c0c1c9f0,0x00000006c5d80000)
 Metaspace       used 31281K, capacity 31743K, committed 32176K, reserved 1077248K
  class space    used 3885K, capacity 3990K, committed 4016K, reserved 1048576K
}
Event: 3.573 GC heap before
{Heap before GC invocations=11 (full 4):
 PSYoungGen      total 116224K, used 10079K [0x000000076ab00000, 0x0000000772700000, 0x00000007c0000000)
  eden space 105472K, 0% used [0x000000076ab00000,0x000000076ab00000,0x0000000771200000)
  from space 10752K, 93% used [0x0000000771200000,0x0000000771bd7cf8,0x0000000771c80000)
  to   space 10752K, 0% used [0x0000000771c80000,0x0000000771c80000,0x0000000772700000)
 ParOldGen       total 95744K, used 12402K [0x00000006c0000000, 0x00000006c5d80000, 0x000000076ab00000)
  object space 95744K, 12% used [0x00000006c0000000,0x00000006c0c1c9f0,0x00000006c5d80000)
 Metaspace       used 31281K, capacity 31743K, committed 32176K, reserved 1077248K
  class space    used 3885K, capacity 3990K, committed 4016K, reserved 1048576K
Event: 3.665 GC heap after
Heap after GC invocations=11 (full 4):
 PSYoungGen      total 116224K, used 0K [0x000000076ab00000, 0x0000000772700000, 0x00000007c0000000)
  eden space 105472K, 0% used [0x000000076ab00000,0x000000076ab00000,0x0000000771200000)
  from space 10752K, 0% used [0x0000000771200000,0x0000000771200000,0x0000000771c80000)
  to   space 10752K, 0% used [0x0000000771c80000,0x0000000771c80000,0x0000000772700000)
 ParOldGen       total 95744K, used 20442K [0x00000006c0000000, 0x00000006c5d80000, 0x000000076ab00000)
  object space 95744K, 21% used [0x00000006c0000000,0x00000006c13f68a8,0x00000006c5d80000)
 Metaspace       used 31281K, capacity 31743K, committed 32176K, reserved 1077248K
  class space    used 3885K, capacity 3990K, committed 4016K, reserved 1048576K
}

