# JRE version: Java(TM) SE Runtime Environment (8.0_45-b14) (build 1.8.0_45-b14)
# Java VM: Java HotSpot(TM) 64-Bit Server VM (25.45-b02 mixed mode bsd-amd64 compressed oops)
Heap:
 PSYoungGen      total 116224K, used 80833K [0x0000000795580000, 0x00000007a1f00000, 0x00000007c0000000)
  eden space 105472K, 66% used [0x0000000795580000,0x00000007999f63c8,0x000000079bc80000)
  from space 10752K, 99% used [0x000000079bc80000,0x000000079c6fa230,0x000000079c700000)
  to   space 20480K, 0% used [0x00000007a0b00000,0x00000007a0b00000,0x00000007a1f00000)
 ParOldGen       total 74752K, used 27699K [0x0000000740000000, 0x0000000744900000, 0x0000000795580000)
  object space 74752K, 37% used [0x0000000740000000,0x0000000741b0cf98,0x0000000744900000)
 Metaspace       used 32981K, capacity 33395K, committed 33792K, reserved 1079296K
  class space    used 3929K, capacity 4076K, committed 4096K, reserved 1048576K
GC Heap History (10 events):
Event: 2.999 GC heap before
{Heap before GC invocations=2 (full 1):
 PSYoungGen      total 76288K, used 9355K [0x0000000795580000, 0x000000079aa80000, 0x00000007c0000000)
  eden space 65536K, 0% used [0x0000000795580000,0x0000000795580000,0x0000000799580000)
  from space 10752K, 87% used [0x0000000799580000,0x0000000799ea2f30,0x000000079a000000)
  to   space 10752K, 0% used [0x000000079a000000,0x000000079a000000,0x000000079aa80000)
 ParOldGen       total 175104K, used 16K [0x0000000740000000, 0x000000074ab00000, 0x0000000795580000)
  object space 175104K, 0% used [0x0000000740000000,0x0000000740004000,0x000000074ab00000)
 Metaspace       used 20699K, capacity 21025K, committed 21296K, reserved 1069056K
  class space    used 2308K, capacity 2401K, committed 2432K, reserved 1048576K
Event: 3.018 GC heap after
Heap after GC invocations=2 (full 1):
 PSYoungGen      total 76288K, used 0K [0x0000000795580000, 0x000000079aa80000, 0x00000007c0000000)
  eden space 65536K, 0% used [0x0000000795580000,0x0000000795580000,0x0000000799580000)
  from space 10752K, 0% used [0x0000000799580000,0x0000000799580000,0x000000079a000000)
  to   space 10752K, 0% used [0x000000079a000000,0x000000079a000000,0x000000079aa80000)
 ParOldGen       total 74752K, used 8915K [0x0000000740000000, 0x0000000744900000, 0x0000000795580000)
  object space 74752K, 11% used [0x0000000740000000,0x00000007408b4cf0,0x0000000744900000)
 Metaspace       used 20699K, capacity 21025K, committed 21296K, reserved 1069056K
  class space    used 2308K, capacity 2401K, committed 2432K, reserved 1048576K
}
Event: 4.071 GC heap before
{Heap before GC invocations=3 (full 1):
 PSYoungGen      total 76288K, used 65536K [0x0000000795580000, 0x000000079aa80000, 0x00000007c0000000)
  eden space 65536K, 100% used [0x0000000795580000,0x0000000799580000,0x0000000799580000)
  from space 10752K, 0% used [0x0000000799580000,0x0000000799580000,0x000000079a000000)
  to   space 10752K, 0% used [0x000000079a000000,0x000000079a000000,0x000000079aa80000)
 ParOldGen       total 74752K, used 8915K [0x0000000740000000, 0x0000000744900000, 0x0000000795580000)
  object space 74752K, 11% used [0x0000000740000000,0x00000007408b4cf0,0x0000000744900000)
 Metaspace       used 30578K, capacity 31029K, committed 31360K, reserved 1077248K
  class space    used 3731K, capacity 3847K, committed 3968K, reserved 1048576K
Event: 4.078 GC heap after
Heap after GC invocations=3 (full 1):
 PSYoungGen      total 76288K, used 10744K [0x0000000795580000, 0x000000079c400000, 0x00000007c0000000)
  eden space 65536K, 0% used [0x0000000795580000,0x0000000795580000,0x0000000799580000)
  from space 10752K, 99% used [0x000000079a000000,0x000000079aa7e118,0x000000079aa80000)
  to   space 10752K, 0% used [0x0000000799580000,0x0000000799580000,0x000000079a000000)
 ParOldGen       total 74752K, used 14172K [0x0000000740000000, 0x0000000744900000, 0x0000000795580000)
  object space 74752K, 18% used [0x0000000740000000,0x0000000740dd7398,0x0000000744900000)
 Metaspace       used 30578K, capacity 31029K, committed 31360K, reserved 1077248K
  class space    used 3731K, capacity 3847K, committed 3968K, reserved 1048576K
}
Event: 4.222 GC heap before
{Heap before GC invocations=4 (full 1):
 PSYoungGen      total 76288K, used 76280K [0x0000000795580000, 0x000000079c400000, 0x00000007c0000000)
  eden space 65536K, 100% used [0x0000000795580000,0x0000000799580000,0x0000000799580000)
  from space 10752K, 99% used [0x000000079a000000,0x000000079aa7e118,0x000000079aa80000)
  to   space 10752K, 0% used [0x0000000799580000,0x0000000799580000,0x000000079a000000)
 ParOldGen       total 74752K, used 14172K [0x0000000740000000, 0x0000000744900000, 0x0000000795580000)
  object space 74752K, 18% used [0x0000000740000000,0x0000000740dd7398,0x0000000744900000)
 Metaspace       used 30890K, capacity 31349K, committed 31616K, reserved 1077248K
  class space    used 3765K, capacity 3911K, committed 3968K, reserved 1048576K
Event: 4.225 GC heap after
Heap after GC invocations=4 (full 1):
 PSYoungGen      total 76288K, used 10726K [0x0000000795580000, 0x000000079d180000, 0x00000007c0000000)
  eden space 65536K, 0% used [0x0000000795580000,0x0000000795580000,0x0000000799580000)
  from space 10752K, 99% used [0x0000000799580000,0x0000000799ff9b70,0x000000079a000000)
  to   space 10752K, 0% used [0x000000079c700000,0x000000079c700000,0x000000079d180000)
 ParOldGen       total 74752K, used 15733K [0x0000000740000000, 0x0000000744900000, 0x0000000795580000)
  object space 74752K, 21% used [0x0000000740000000,0x0000000740f5d648,0x0000000744900000)
 Metaspace       used 30890K, capacity 31349K, committed 31616K, reserved 1077248K
  class space    used 3765K, capacity 3911K, committed 3968K, reserved 1048576K
}
Event: 5.283 GC heap before
{Heap before GC invocations=5 (full 1):
 PSYoungGen      total 76288K, used 76262K [0x0000000795580000, 0x000000079d180000, 0x00000007c0000000)
  eden space 65536K, 100% used [0x0000000795580000,0x0000000799580000,0x0000000799580000)
  from space 10752K, 99% used [0x0000000799580000,0x0000000799ff9b70,0x000000079a000000)
  to   space 10752K, 0% used [0x000000079c700000,0x000000079c700000,0x000000079d180000)
 ParOldGen       total 74752K, used 15733K [0x0000000740000000, 0x0000000744900000, 0x0000000795580000)
  object space 74752K, 21% used [0x0000000740000000,0x0000000740f5d648,0x0000000744900000)
 Metaspace       used 32697K, capacity 33203K, committed 33536K, reserved 1079296K
  class space    used 3917K, capacity 4076K, committed 4096K, reserved 1048576K
Event: 5.290 GC heap after
Heap after GC invocations=5 (full 1):
 PSYoungGen      total 114688K, used 10751K [0x0000000795580000, 0x000000079d180000, 0x00000007c0000000)
  eden space 103936K, 0% used [0x0000000795580000,0x0000000795580000,0x000000079bb00000)
  from space 10752K, 99% used [0x000000079c700000,0x000000079d17fed0,0x000000079d180000)
  to   space 10752K, 0% used [0x000000079bc80000,0x000000079bc80000,0x000000079c700000)
 ParOldGen       total 74752K, used 20256K [0x0000000740000000, 0x0000000744900000, 0x0000000795580000)
  object space 74752K, 27% used [0x0000000740000000,0x00000007413c8198,0x0000000744900000)
 Metaspace       used 32697K, capacity 33203K, committed 33536K, reserved 1079296K
  class space    used 3917K, capacity 4076K, committed 4096K, reserved 1048576K
}
Event: 5.983 GC heap before
{Heap before GC invocations=6 (full 1):
 PSYoungGen      total 114688K, used 114687K [0x0000000795580000, 0x000000079d180000, 0x00000007c0000000)
  eden space 103936K, 100% used [0x0000000795580000,0x000000079bb00000,0x000000079bb00000)
  from space 10752K, 99% used [0x000000079c700000,0x000000079d17fed0,0x000000079d180000)
  to   space 10752K, 0% used [0x000000079bc80000,0x000000079bc80000,0x000000079c700000)
 ParOldGen       total 74752K, used 20256K [0x0000000740000000, 0x0000000744900000, 0x0000000795580000)
  object space 74752K, 27% used [0x0000000740000000,0x00000007413c8198,0x0000000744900000)
 Metaspace       used 32944K, capacity 33395K, committed 33792K, reserved 1079296K
  class space    used 3928K, capacity 4076K, committed 4096K, reserved 1048576K
Event: 5.990 GC heap after
Heap after GC invocations=6 (full 1):
 PSYoungGen      total 116224K, used 10728K [0x0000000795580000, 0x00000007a1f00000, 0x00000007c0000000)
  eden space 105472K, 0% used [0x0000000795580000,0x0000000795580000,0x000000079bc80000)
  from space 10752K, 99% used [0x000000079bc80000,0x000000079c6fa230,0x000000079c700000)
  to   space 20480K, 0% used [0x00000007a0b00000,0x00000007a0b00000,0x00000007a1f00000)
 ParOldGen       total 74752K, used 27699K [0x0000000740000000, 0x0000000744900000, 0x0000000795580000)
  object space 74752K, 37% used [0x0000000740000000,0x0000000741b0cf98,0x0000000744900000)
 Metaspace       used 32944K, capacity 33395K, committed 33792K, reserved 1079296K
  class space    used 3928K, capacity 4076K, committed 4096K, reserved 1048576K
}

