# JRE version: Java(TM) SE Runtime Environment (8.0_45-b14) (build 1.8.0_45-b14)
# Java VM: Java HotSpot(TM) 64-Bit Server VM (25.45-b02 mixed mode bsd-amd64 compressed oops)
Heap:
 PSYoungGen      total 33792K, used 4809K [0x0000000795580000, 0x00000007a1500000, 0x00000007c0000000)
  eden space 33280K, 14% used [0x0000000795580000,0x0000000795a32788,0x0000000797600000)
  from space 512K, 0% used [0x00000007a1480000,0x00000007a1480000,0x00000007a1500000)
  to   space 512K, 0% used [0x00000007a1400000,0x00000007a1400000,0x00000007a1480000)
 ParOldGen       total 110080K, used 29969K [0x0000000740000000, 0x0000000746b80000, 0x0000000795580000)
  object space 110080K, 27% used [0x0000000740000000,0x0000000741d44748,0x0000000746b80000)
 Metaspace       used 34889K, capacity 35367K, committed 35712K, reserved 1081344K
  class space    used 4071K, capacity 4214K, committed 4224K, reserved 1048576K
GC Heap History (10 events):
Event: 628.354 GC heap before
{Heap before GC invocations=697 (full 4):
 PSYoungGen      total 33792K, used 32568K [0x0000000795580000, 0x00000007a1500000, 0x00000007c0000000)
  eden space 33280K, 97% used [0x0000000795580000,0x000000079751e360,0x0000000797600000)
  from space 512K, 37% used [0x00000007a1480000,0x00000007a14b0000,0x00000007a1500000)
  to   space 512K, 0% used [0x00000007a1400000,0x00000007a1400000,0x00000007a1480000)
 ParOldGen       total 110080K, used 52885K [0x0000000740000000, 0x0000000746b80000, 0x0000000795580000)
  object space 110080K, 48% used [0x0000000740000000,0x00000007433a5420,0x0000000746b80000)
 Metaspace       used 34889K, capacity 35367K, committed 35712K, reserved 1081344K
  class space    used 4071K, capacity 4214K, committed 4224K, reserved 1048576K
Event: 628.356 GC heap after
Heap after GC invocations=697 (full 4):
 PSYoungGen      total 33792K, used 256K [0x0000000795580000, 0x00000007a1500000, 0x00000007c0000000)
  eden space 33280K, 0% used [0x0000000795580000,0x0000000795580000,0x0000000797600000)
  from space 512K, 50% used [0x00000007a1400000,0x00000007a1440000,0x00000007a1480000)
  to   space 512K, 0% used [0x00000007a1480000,0x00000007a1480000,0x00000007a1500000)
 ParOldGen       total 110080K, used 52917K [0x0000000740000000, 0x0000000746b80000, 0x0000000795580000)
  object space 110080K, 48% used [0x0000000740000000,0x00000007433ad420,0x0000000746b80000)
 Metaspace       used 34889K, capacity 35367K, committed 35712K, reserved 1081344K
  class space    used 4071K, capacity 4214K, committed 4224K, reserved 1048576K
}
Event: 628.607 GC heap before
{Heap before GC invocations=698 (full 4):
 PSYoungGen      total 33792K, used 32812K [0x0000000795580000, 0x00000007a1500000, 0x00000007c0000000)
  eden space 33280K, 97% used [0x0000000795580000,0x000000079754b2d8,0x0000000797600000)
  from space 512K, 50% used [0x00000007a1400000,0x00000007a1440000,0x00000007a1480000)
  to   space 512K, 0% used [0x00000007a1480000,0x00000007a1480000,0x00000007a1500000)
 ParOldGen       total 110080K, used 52917K [0x0000000740000000, 0x0000000746b80000, 0x0000000795580000)
  object space 110080K, 48% used [0x0000000740000000,0x00000007433ad420,0x0000000746b80000)
 Metaspace       used 34889K, capacity 35367K, committed 35712K, reserved 1081344K
  class space    used 4071K, capacity 4214K, committed 4224K, reserved 1048576K
Event: 628.609 GC heap after
Heap after GC invocations=698 (full 4):
 PSYoungGen      total 33792K, used 256K [0x0000000795580000, 0x00000007a1500000, 0x00000007c0000000)
  eden space 33280K, 0% used [0x0000000795580000,0x0000000795580000,0x0000000797600000)
  from space 512K, 50% used [0x00000007a1480000,0x00000007a14c0000,0x00000007a1500000)
  to   space 512K, 0% used [0x00000007a1400000,0x00000007a1400000,0x00000007a1480000)
 ParOldGen       total 110080K, used 52941K [0x0000000740000000, 0x0000000746b80000, 0x0000000795580000)
  object space 110080K, 48% used [0x0000000740000000,0x00000007433b3420,0x0000000746b80000)
 Metaspace       used 34889K, capacity 35367K, committed 35712K, reserved 1081344K
  class space    used 4071K, capacity 4214K, committed 4224K, reserved 1048576K
}
Event: 628.928 GC heap before
{Heap before GC invocations=699 (full 4):
 PSYoungGen      total 33792K, used 33294K [0x0000000795580000, 0x00000007a1500000, 0x00000007c0000000)
  eden space 33280K, 99% used [0x0000000795580000,0x00000007975c3a78,0x0000000797600000)
  from space 512K, 50% used [0x00000007a1480000,0x00000007a14c0000,0x00000007a1500000)
  to   space 512K, 0% used [0x00000007a1400000,0x00000007a1400000,0x00000007a1480000)
 ParOldGen       total 110080K, used 52941K [0x0000000740000000, 0x0000000746b80000, 0x0000000795580000)
  object space 110080K, 48% used [0x0000000740000000,0x00000007433b3420,0x0000000746b80000)
 Metaspace       used 34889K, capacity 35367K, committed 35712K, reserved 1081344K
  class space    used 4071K, capacity 4214K, committed 4224K, reserved 1048576K
Event: 628.929 GC heap after
Heap after GC invocations=699 (full 4):
 PSYoungGen      total 33792K, used 192K [0x0000000795580000, 0x00000007a1500000, 0x00000007c0000000)
  eden space 33280K, 0% used [0x0000000795580000,0x0000000795580000,0x0000000797600000)
  from space 512K, 37% used [0x00000007a1400000,0x00000007a1430000,0x00000007a1480000)
  to   space 512K, 0% used [0x00000007a1480000,0x00000007a1480000,0x00000007a1500000)
 ParOldGen       total 110080K, used 52957K [0x0000000740000000, 0x0000000746b80000, 0x0000000795580000)
  object space 110080K, 48% used [0x0000000740000000,0x00000007433b7420,0x0000000746b80000)
 Metaspace       used 34889K, capacity 35367K, committed 35712K, reserved 1081344K
  class space    used 4071K, capacity 4214K, committed 4224K, reserved 1048576K
}
Event: 629.220 GC heap before
{Heap before GC invocations=700 (full 4):
 PSYoungGen      total 33792K, used 32162K [0x0000000795580000, 0x00000007a1500000, 0x00000007c0000000)
  eden space 33280K, 96% used [0x0000000795580000,0x00000007974b8b30,0x0000000797600000)
  from space 512K, 37% used [0x00000007a1400000,0x00000007a1430000,0x00000007a1480000)
  to   space 512K, 0% used [0x00000007a1480000,0x00000007a1480000,0x00000007a1500000)
 ParOldGen       total 110080K, used 52957K [0x0000000740000000, 0x0000000746b80000, 0x0000000795580000)
  object space 110080K, 48% used [0x0000000740000000,0x00000007433b7420,0x0000000746b80000)
 Metaspace       used 34889K, capacity 35367K, committed 35712K, reserved 1081344K
  class space    used 4071K, capacity 4214K, committed 4224K, reserved 1048576K
Event: 629.221 GC heap after
Heap after GC invocations=700 (full 4):
 PSYoungGen      total 33792K, used 192K [0x0000000795580000, 0x00000007a1500000, 0x00000007c0000000)
  eden space 33280K, 0% used [0x0000000795580000,0x0000000795580000,0x0000000797600000)
  from space 512K, 37% used [0x00000007a1480000,0x00000007a14b0000,0x00000007a1500000)
  to   space 512K, 0% used [0x00000007a1400000,0x00000007a1400000,0x00000007a1480000)
 ParOldGen       total 110080K, used 52973K [0x0000000740000000, 0x0000000746b80000, 0x0000000795580000)
  object space 110080K, 48% used [0x0000000740000000,0x00000007433bb420,0x0000000746b80000)
 Metaspace       used 34889K, capacity 35367K, committed 35712K, reserved 1081344K
  class space    used 4071K, capacity 4214K, committed 4224K, reserved 1048576K
}
Event: 629.221 GC heap before
{Heap before GC invocations=701 (full 5):
 PSYoungGen      total 33792K, used 192K [0x0000000795580000, 0x00000007a1500000, 0x00000007c0000000)
  eden space 33280K, 0% used [0x0000000795580000,0x0000000795580000,0x0000000797600000)
  from space 512K, 37% used [0x00000007a1480000,0x00000007a14b0000,0x00000007a1500000)
  to   space 512K, 0% used [0x00000007a1400000,0x00000007a1400000,0x00000007a1480000)
 ParOldGen       total 110080K, used 52973K [0x0000000740000000, 0x0000000746b80000, 0x0000000795580000)
  object space 110080K, 48% used [0x0000000740000000,0x00000007433bb420,0x0000000746b80000)
 Metaspace       used 34889K, capacity 35367K, committed 35712K, reserved 1081344K
  class space    used 4071K, capacity 4214K, committed 4224K, reserved 1048576K
Event: 629.332 GC heap after
Heap after GC invocations=701 (full 5):
 PSYoungGen      total 33792K, used 0K [0x0000000795580000, 0x00000007a1500000, 0x00000007c0000000)
  eden space 33280K, 0% used [0x0000000795580000,0x0000000795580000,0x0000000797600000)
  from space 512K, 0% used [0x00000007a1480000,0x00000007a1480000,0x00000007a1500000)
  to   space 512K, 0% used [0x00000007a1400000,0x00000007a1400000,0x00000007a1480000)
 ParOldGen       total 110080K, used 29969K [0x0000000740000000, 0x0000000746b80000, 0x0000000795580000)
  object space 110080K, 27% used [0x0000000740000000,0x0000000741d44748,0x0000000746b80000)
 Metaspace       used 34889K, capacity 35367K, committed 35712K, reserved 1081344K
  class space    used 4071K, capacity 4214K, committed 4224K, reserved 1048576K
}

